[debug] [2021-03-15T14:38:50.829Z] ----------------------------------------------------------------------
[debug] [2021-03-15T14:38:50.831Z] Command:       /usr/local/bin/node /usr/local/bin/firebase serve
[debug] [2021-03-15T14:38:50.832Z] CLI Version:   9.3.0
[debug] [2021-03-15T14:38:50.832Z] Platform:      darwin
[debug] [2021-03-15T14:38:50.832Z] Node Version:  v14.15.4
[debug] [2021-03-15T14:38:50.833Z] Time:          Mon Mar 15 2021 14:38:50 GMT+0000 (Greenwich Mean Time)
[debug] [2021-03-15T14:38:50.833Z] ----------------------------------------------------------------------
[debug] [2021-03-15T14:38:50.833Z] 
[debug] [2021-03-15T14:38:50.842Z] > command requires scopes: ["email","openid","https://www.googleapis.com/auth/cloudplatformprojects.readonly","https://www.googleapis.com/auth/firebase","https://www.googleapis.com/auth/cloud-platform"]
[debug] [2021-03-15T14:38:50.842Z] > authorizing via signed-in user
[debug] [2021-03-15T14:38:50.843Z] [iam] checking project e-commerce-app-9b649 for permissions ["firebase.projects.get"]
[debug] [2021-03-15T14:38:50.847Z] >>> HTTP REQUEST POST https://cloudresourcemanager.googleapis.com/v1/projects/e-commerce-app-9b649:testIamPermissions  
 {"permissions":["firebase.projects.get"]}
[debug] [2021-03-15T14:38:51.578Z] <<< HTTP RESPONSE 200 {"content-type":"application/json; charset=UTF-8","vary":"X-Origin, Referer, Origin,Accept-Encoding","date":"Mon, 15 Mar 2021 14:38:51 GMT","server":"ESF","cache-control":"private","x-xss-protection":"0","x-frame-options":"SAMEORIGIN","x-content-type-options":"nosniff","server-timing":"gfet4t7; dur=541","alt-svc":"h3-29=\":443\"; ma=2592000,h3-T051=\":443\"; ma=2592000,h3-Q050=\":443\"; ma=2592000,h3-Q046=\":443\"; ma=2592000,h3-Q043=\":443\"; ma=2592000,quic=\":443\"; ma=2592000; v=\"46,43\"","accept-ranges":"none","transfer-encoding":"chunked"}
[debug] [2021-03-15T14:38:51.580Z] > refreshing access token with scopes: []
[debug] [2021-03-15T14:38:51.581Z] >>> HTTP REQUEST POST https://www.googleapis.com/oauth2/v3/token  
 <request body omitted>
[debug] [2021-03-15T14:38:51.734Z] <<< HTTP RESPONSE 200 {"cache-control":"no-cache, no-store, max-age=0, must-revalidate","expires":"Mon, 01 Jan 1990 00:00:00 GMT","pragma":"no-cache","date":"Mon, 15 Mar 2021 14:38:51 GMT","content-type":"application/json; charset=utf-8","vary":"X-Origin, Referer, Origin,Accept-Encoding","server":"scaffolding on HTTPServer2","x-xss-protection":"0","x-frame-options":"SAMEORIGIN","x-content-type-options":"nosniff","alt-svc":"h3-29=\":443\"; ma=2592000,h3-T051=\":443\"; ma=2592000,h3-Q050=\":443\"; ma=2592000,h3-Q046=\":443\"; ma=2592000,h3-Q043=\":443\"; ma=2592000,quic=\":443\"; ma=2592000; v=\"46,43\"","accept-ranges":"none","transfer-encoding":"chunked"}
[debug] [2021-03-15T14:38:51.752Z] >>> [apiv2][query] GET https://firebase.googleapis.com/v1beta1/projects/e-commerce-app-9b649 [none]
[debug] [2021-03-15T14:38:51.986Z] <<< [apiv2][status] GET https://firebase.googleapis.com/v1beta1/projects/e-commerce-app-9b649 200
[debug] [2021-03-15T14:38:51.986Z] <<< [apiv2][body] GET https://firebase.googleapis.com/v1beta1/projects/e-commerce-app-9b649 {"projectId":"e-commerce-app-9b649","projectNumber":"42157930373","displayName":"e-commerce app","name":"projects/e-commerce-app-9b649","resources":{"hostingSite":"e-commerce-app-9b649","storageBucket":"e-commerce-app-9b649.appspot.com","locationId":"us-central"},"state":"ACTIVE"}
[info] 
[info] === Serving from '/Users/seanadamson/Documents/ecommerce-app'...
[info] 
[warn] ⚠  Your requested "node" version "12" doesn't match your global version "14" {"metadata":{"emulator":{"name":"functions"},"message":"Your requested \"node\" version \"12\" doesn't match your global version \"14\""}}
[debug] [2021-03-15T14:38:52.001Z] defaultcredentials: writing to file /Users/seanadamson/.config/firebase/seanjadamson_gmail_com_application_default_credentials.json
[debug] [2021-03-15T14:38:52.005Z] Setting GAC to /Users/seanadamson/.config/firebase/seanjadamson_gmail_com_application_default_credentials.json {"metadata":{"emulator":{"name":"functions"},"message":"Setting GAC to /Users/seanadamson/.config/firebase/seanjadamson_gmail_com_application_default_credentials.json"}}
[debug] [2021-03-15T14:38:52.006Z] >>> [apiv2][query] GET https://firebase.googleapis.com/v1beta1/projects/e-commerce-app-9b649/adminSdkConfig [none]
[debug] [2021-03-15T14:38:52.396Z] <<< [apiv2][status] GET https://firebase.googleapis.com/v1beta1/projects/e-commerce-app-9b649/adminSdkConfig 200
[debug] [2021-03-15T14:38:52.396Z] <<< [apiv2][body] GET https://firebase.googleapis.com/v1beta1/projects/e-commerce-app-9b649/adminSdkConfig {"projectId":"e-commerce-app-9b649","storageBucket":"e-commerce-app-9b649.appspot.com","locationId":"us-central"}
[info] i  functions: Watching "/Users/seanadamson/Documents/ecommerce-app/functions" for Cloud Functions... {"metadata":{"emulator":{"name":"functions"},"message":"Watching \"/Users/seanadamson/Documents/ecommerce-app/functions\" for Cloud Functions..."}}
[debug] [2021-03-15T14:38:52.428Z] [worker-pool] addWorker(~diagnostic~) {"metadata":{"emulator":{"name":"functions"},"message":"[worker-pool] addWorker(~diagnostic~)"}}
[debug] [2021-03-15T14:38:52.428Z] [worker-pool] Adding worker with key ~diagnostic~, total=1 {"metadata":{"emulator":{"name":"functions"},"message":"[worker-pool] Adding worker with key ~diagnostic~, total=1"}}
[debug] [2021-03-15T14:38:52.428Z] [worker-pool] submitWork(triggerId=) {"metadata":{"emulator":{"name":"functions"},"message":"[worker-pool] submitWork(triggerId=)"}}
[debug] [2021-03-15T14:38:52.429Z] [worker-~diagnostic~-d7380f12-2f1b-4d61-b1ae-154e6d9bcd20]: Assigning socketPath: /var/folders/37/pj2s8b552_lg710_npvxp0900000gn/T/fire_emu_67564.sock {"metadata":{"emulator":{"name":"functions"},"message":"[worker-~diagnostic~-d7380f12-2f1b-4d61-b1ae-154e6d9bcd20]: Assigning socketPath: /var/folders/37/pj2s8b552_lg710_npvxp0900000gn/T/fire_emu_67564.sock"}}
[debug] [2021-03-15T14:38:52.429Z] [worker-~diagnostic~-d7380f12-2f1b-4d61-b1ae-154e6d9bcd20]: BUSY {"metadata":{"emulator":{"name":"functions"},"message":"[worker-~diagnostic~-d7380f12-2f1b-4d61-b1ae-154e6d9bcd20]: BUSY"}}
[debug] [2021-03-15T14:38:52.594Z] [runtime-status] [67564] Functions runtime initialized. {"cwd":"/Users/seanadamson/Documents/ecommerce-app/functions","node_version":"14.15.4"} {"metadata":{"emulator":{"name":"functions"},"message":"[runtime-status] [67564] Functions runtime initialized. {\"cwd\":\"/Users/seanadamson/Documents/ecommerce-app/functions\",\"node_version\":\"14.15.4\"}"}}
[debug] [2021-03-15T14:38:52.595Z] [runtime-status] [67564] Disabled runtime features: undefined {"metadata":{"emulator":{"name":"functions"},"message":"[runtime-status] [67564] Disabled runtime features: undefined"}}
[debug] [2021-03-15T14:38:52.597Z] [runtime-status] [67564] Resolved module firebase-admin {"declared":true,"installed":true,"version":"9.4.2","resolution":"/Users/seanadamson/Documents/ecommerce-app/functions/node_modules/firebase-admin/lib/index.js"} {"metadata":{"emulator":{"name":"functions"},"message":"[runtime-status] [67564] Resolved module firebase-admin {\"declared\":true,\"installed\":true,\"version\":\"9.4.2\",\"resolution\":\"/Users/seanadamson/Documents/ecommerce-app/functions/node_modules/firebase-admin/lib/index.js\"}"}}
[debug] [2021-03-15T14:38:52.598Z] [runtime-status] [67564] Resolved module firebase-functions {"declared":true,"installed":true,"version":"3.13.0","resolution":"/Users/seanadamson/Documents/ecommerce-app/functions/node_modules/firebase-functions/lib/index.js"} {"metadata":{"emulator":{"name":"functions"},"message":"[runtime-status] [67564] Resolved module firebase-functions {\"declared\":true,\"installed\":true,\"version\":\"3.13.0\",\"resolution\":\"/Users/seanadamson/Documents/ecommerce-app/functions/node_modules/firebase-functions/lib/index.js\"}"}}
[debug] [2021-03-15T14:38:52.599Z] [runtime-status] [67564] Found local functions config: /Users/seanadamson/Documents/ecommerce-app/functions/.runtimeconfig.json {"metadata":{"emulator":{"name":"functions"},"message":"[runtime-status] [67564] Found local functions config: /Users/seanadamson/Documents/ecommerce-app/functions/.runtimeconfig.json"}}
[debug] [2021-03-15T14:38:52.604Z] [runtime-status] [67564] Resolved module firebase-functions {"declared":true,"installed":true,"version":"3.13.0","resolution":"/Users/seanadamson/Documents/ecommerce-app/functions/node_modules/firebase-functions/lib/index.js"} {"metadata":{"emulator":{"name":"functions"},"message":"[runtime-status] [67564] Resolved module firebase-functions {\"declared\":true,\"installed\":true,\"version\":\"3.13.0\",\"resolution\":\"/Users/seanadamson/Documents/ecommerce-app/functions/node_modules/firebase-functions/lib/index.js\"}"}}
[debug] [2021-03-15T14:38:52.604Z] [runtime-status] [67564] Outgoing network have been stubbed. [{"name":"http","status":"mocked"},{"name":"http","status":"mocked"},{"name":"https","status":"mocked"},{"name":"https","status":"mocked"},{"name":"net","status":"mocked"}] {"metadata":{"emulator":{"name":"functions"},"message":"[runtime-status] [67564] Outgoing network have been stubbed. [{\"name\":\"http\",\"status\":\"mocked\"},{\"name\":\"http\",\"status\":\"mocked\"},{\"name\":\"https\",\"status\":\"mocked\"},{\"name\":\"https\",\"status\":\"mocked\"},{\"name\":\"net\",\"status\":\"mocked\"}]"}}
[debug] [2021-03-15T14:38:52.604Z] [runtime-status] [67564] Resolved module firebase-functions {"declared":true,"installed":true,"version":"3.13.0","resolution":"/Users/seanadamson/Documents/ecommerce-app/functions/node_modules/firebase-functions/lib/index.js"} {"metadata":{"emulator":{"name":"functions"},"message":"[runtime-status] [67564] Resolved module firebase-functions {\"declared\":true,\"installed\":true,\"version\":\"3.13.0\",\"resolution\":\"/Users/seanadamson/Documents/ecommerce-app/functions/node_modules/firebase-functions/lib/index.js\"}"}}
[debug] [2021-03-15T14:38:52.658Z] [runtime-status] [67564] Checked functions.config() {"config":{"stripe":{"secretkey":"sk_test_51ITBVZLEDt0tSm0ZhcJaRGaqXOYQa5bNw4I3Rsgblev98Y37ksDoob7QV9mbgjWqHpeJow8TMrvPsScJVOC3jFK300s9jIoQzL"}}} {"metadata":{"emulator":{"name":"functions"},"message":"[runtime-status] [67564] Checked functions.config() {\"config\":{\"stripe\":{\"secretkey\":\"sk_test_51ITBVZLEDt0tSm0ZhcJaRGaqXOYQa5bNw4I3Rsgblev98Y37ksDoob7QV9mbgjWqHpeJow8TMrvPsScJVOC3jFK300s9jIoQzL\"}}}"}}
[debug] [2021-03-15T14:38:52.658Z] [runtime-status] [67564] firebase-functions has been stubbed. {"functionsResolution":{"declared":true,"installed":true,"version":"3.13.0","resolution":"/Users/seanadamson/Documents/ecommerce-app/functions/node_modules/firebase-functions/lib/index.js"}} {"metadata":{"emulator":{"name":"functions"},"message":"[runtime-status] [67564] firebase-functions has been stubbed. {\"functionsResolution\":{\"declared\":true,\"installed\":true,\"version\":\"3.13.0\",\"resolution\":\"/Users/seanadamson/Documents/ecommerce-app/functions/node_modules/firebase-functions/lib/index.js\"}}"}}
[debug] [2021-03-15T14:38:52.659Z] [runtime-status] [67564] Resolved module firebase-functions {"declared":true,"installed":true,"version":"3.13.0","resolution":"/Users/seanadamson/Documents/ecommerce-app/functions/node_modules/firebase-functions/lib/index.js"} {"metadata":{"emulator":{"name":"functions"},"message":"[runtime-status] [67564] Resolved module firebase-functions {\"declared\":true,\"installed\":true,\"version\":\"3.13.0\",\"resolution\":\"/Users/seanadamson/Documents/ecommerce-app/functions/node_modules/firebase-functions/lib/index.js\"}"}}
[debug] [2021-03-15T14:38:52.660Z] [runtime-status] [67564] Resolved module firebase-admin {"declared":true,"installed":true,"version":"9.4.2","resolution":"/Users/seanadamson/Documents/ecommerce-app/functions/node_modules/firebase-admin/lib/index.js"} {"metadata":{"emulator":{"name":"functions"},"message":"[runtime-status] [67564] Resolved module firebase-admin {\"declared\":true,\"installed\":true,\"version\":\"9.4.2\",\"resolution\":\"/Users/seanadamson/Documents/ecommerce-app/functions/node_modules/firebase-admin/lib/index.js\"}"}}
[debug] [2021-03-15T14:38:52.660Z] [runtime-status] [67564] Resolved module firebase-functions {"declared":true,"installed":true,"version":"3.13.0","resolution":"/Users/seanadamson/Documents/ecommerce-app/functions/node_modules/firebase-functions/lib/index.js"} {"metadata":{"emulator":{"name":"functions"},"message":"[runtime-status] [67564] Resolved module firebase-functions {\"declared\":true,\"installed\":true,\"version\":\"3.13.0\",\"resolution\":\"/Users/seanadamson/Documents/ecommerce-app/functions/node_modules/firebase-functions/lib/index.js\"}"}}
[debug] [2021-03-15T14:38:52.660Z] [runtime-status] [67564] firebase-admin has been stubbed. {"adminResolution":{"declared":true,"installed":true,"version":"9.4.2","resolution":"/Users/seanadamson/Documents/ecommerce-app/functions/node_modules/firebase-admin/lib/index.js"}} {"metadata":{"emulator":{"name":"functions"},"message":"[runtime-status] [67564] firebase-admin has been stubbed. {\"adminResolution\":{\"declared\":true,\"installed\":true,\"version\":\"9.4.2\",\"resolution\":\"/Users/seanadamson/Documents/ecommerce-app/functions/node_modules/firebase-admin/lib/index.js\"}}"}}
[debug] [2021-03-15T14:38:52.764Z] [runtime-status] [67564] initializeApp(DEFAULT) {"storageBucket":"e-commerce-app-9b649.appspot.com","projectId":"e-commerce-app-9b649"} {"metadata":{"emulator":{"name":"functions"},"message":"[runtime-status] [67564] initializeApp(DEFAULT) {\"storageBucket\":\"e-commerce-app-9b649.appspot.com\",\"projectId\":\"e-commerce-app-9b649\"}"}}
[warn] ⚠  functions: The Cloud Firestore emulator is not running, so calls to Firestore will affect production. {"metadata":{"emulator":{"name":"functions"},"message":"The Cloud Firestore emulator is not running, so calls to Firestore will affect production."}}
[info] ✔  functions[api]: http function initialized (http://localhost:5000/e-commerce-app-9b649/us-central1/api). {"metadata":{"emulator":{"name":"functions"},"message":"\u001b[1mhttp\u001b[22m function initialized (http://localhost:5000/e-commerce-app-9b649/us-central1/api)."}}
[debug] [2021-03-15T14:38:53.196Z] [worker-~diagnostic~-d7380f12-2f1b-4d61-b1ae-154e6d9bcd20]: IDLE {"metadata":{"emulator":{"name":"functions"},"message":"[worker-~diagnostic~-d7380f12-2f1b-4d61-b1ae-154e6d9bcd20]: IDLE"}}
[debug] [2021-03-15T14:39:01.383Z] [work-queue] {"queueLength":1,"workRunningCount":0}
[debug] [2021-03-15T14:39:01.383Z] [work-queue] {"queueLength":0,"workRunningCount":1}
[debug] [2021-03-15T14:39:01.383Z] Accepted request GET /e-commerce-app-9b649/us-central1/api/account --> api
[debug] [2021-03-15T14:39:01.391Z] [worker-pool] addWorker(api) {"metadata":{"emulator":{"name":"functions"},"message":"[worker-pool] addWorker(api)"}}
[debug] [2021-03-15T14:39:01.392Z] [worker-pool] Adding worker with key api, total=1 {"metadata":{"emulator":{"name":"functions"},"message":"[worker-pool] Adding worker with key api, total=1"}}
[debug] [2021-03-15T14:39:01.392Z] [worker-pool] submitWork(triggerId=api) {"metadata":{"emulator":{"name":"functions"},"message":"[worker-pool] submitWork(triggerId=api)"}}
[debug] [2021-03-15T14:39:01.392Z] [worker-api-cc4a3cf0-a970-4063-bcd0-fe019b6c174d]: Assigning socketPath: /var/folders/37/pj2s8b552_lg710_npvxp0900000gn/T/fire_emu_67566.sock {"metadata":{"emulator":{"name":"functions"},"message":"[worker-api-cc4a3cf0-a970-4063-bcd0-fe019b6c174d]: Assigning socketPath: /var/folders/37/pj2s8b552_lg710_npvxp0900000gn/T/fire_emu_67566.sock"}}
[debug] [2021-03-15T14:39:01.392Z] [worker-api-cc4a3cf0-a970-4063-bcd0-fe019b6c174d]: BUSY {"metadata":{"emulator":{"name":"functions"},"message":"[worker-api-cc4a3cf0-a970-4063-bcd0-fe019b6c174d]: BUSY"}}
[debug] [2021-03-15T14:39:01.768Z] [runtime-status] [67566] Functions runtime initialized. {"cwd":"/Users/seanadamson/Documents/ecommerce-app/functions","node_version":"14.15.4"} {"metadata":{"emulator":{"name":"functions"},"function":{"name":"api"},"message":"[runtime-status] [67566] Functions runtime initialized. {\"cwd\":\"/Users/seanadamson/Documents/ecommerce-app/functions\",\"node_version\":\"14.15.4\"}"}}
[debug] [2021-03-15T14:39:01.783Z] [runtime-status] [67566] Disabled runtime features: undefined {"metadata":{"emulator":{"name":"functions"},"function":{"name":"api"},"message":"[runtime-status] [67566] Disabled runtime features: undefined"}}
[debug] [2021-03-15T14:39:01.796Z] [runtime-status] [67566] Resolved module firebase-admin {"declared":true,"installed":true,"version":"9.4.2","resolution":"/Users/seanadamson/Documents/ecommerce-app/functions/node_modules/firebase-admin/lib/index.js"} {"metadata":{"emulator":{"name":"functions"},"function":{"name":"api"},"message":"[runtime-status] [67566] Resolved module firebase-admin {\"declared\":true,\"installed\":true,\"version\":\"9.4.2\",\"resolution\":\"/Users/seanadamson/Documents/ecommerce-app/functions/node_modules/firebase-admin/lib/index.js\"}"}}
[debug] [2021-03-15T14:39:01.799Z] [runtime-status] [67566] Resolved module firebase-functions {"declared":true,"installed":true,"version":"3.13.0","resolution":"/Users/seanadamson/Documents/ecommerce-app/functions/node_modules/firebase-functions/lib/index.js"} {"metadata":{"emulator":{"name":"functions"},"function":{"name":"api"},"message":"[runtime-status] [67566] Resolved module firebase-functions {\"declared\":true,\"installed\":true,\"version\":\"3.13.0\",\"resolution\":\"/Users/seanadamson/Documents/ecommerce-app/functions/node_modules/firebase-functions/lib/index.js\"}"}}
[debug] [2021-03-15T14:39:01.801Z] [runtime-status] [67566] Found local functions config: /Users/seanadamson/Documents/ecommerce-app/functions/.runtimeconfig.json {"metadata":{"emulator":{"name":"functions"},"function":{"name":"api"},"message":"[runtime-status] [67566] Found local functions config: /Users/seanadamson/Documents/ecommerce-app/functions/.runtimeconfig.json"}}
[debug] [2021-03-15T14:39:01.803Z] [runtime-status] [67566] Resolved module firebase-functions {"declared":true,"installed":true,"version":"3.13.0","resolution":"/Users/seanadamson/Documents/ecommerce-app/functions/node_modules/firebase-functions/lib/index.js"} {"metadata":{"emulator":{"name":"functions"},"function":{"name":"api"},"message":"[runtime-status] [67566] Resolved module firebase-functions {\"declared\":true,\"installed\":true,\"version\":\"3.13.0\",\"resolution\":\"/Users/seanadamson/Documents/ecommerce-app/functions/node_modules/firebase-functions/lib/index.js\"}"}}
[debug] [2021-03-15T14:39:01.806Z] [runtime-status] [67566] Outgoing network have been stubbed. [{"name":"http","status":"mocked"},{"name":"http","status":"mocked"},{"name":"https","status":"mocked"},{"name":"https","status":"mocked"},{"name":"net","status":"mocked"}] {"metadata":{"emulator":{"name":"functions"},"function":{"name":"api"},"message":"[runtime-status] [67566] Outgoing network have been stubbed. [{\"name\":\"http\",\"status\":\"mocked\"},{\"name\":\"http\",\"status\":\"mocked\"},{\"name\":\"https\",\"status\":\"mocked\"},{\"name\":\"https\",\"status\":\"mocked\"},{\"name\":\"net\",\"status\":\"mocked\"}]"}}
[debug] [2021-03-15T14:39:01.807Z] [runtime-status] [67566] Resolved module firebase-functions {"declared":true,"installed":true,"version":"3.13.0","resolution":"/Users/seanadamson/Documents/ecommerce-app/functions/node_modules/firebase-functions/lib/index.js"} {"metadata":{"emulator":{"name":"functions"},"function":{"name":"api"},"message":"[runtime-status] [67566] Resolved module firebase-functions {\"declared\":true,\"installed\":true,\"version\":\"3.13.0\",\"resolution\":\"/Users/seanadamson/Documents/ecommerce-app/functions/node_modules/firebase-functions/lib/index.js\"}"}}
[debug] [2021-03-15T14:39:01.936Z] [runtime-status] [67566] Checked functions.config() {"config":{"stripe":{"secretkey":"sk_test_51ITBVZLEDt0tSm0ZhcJaRGaqXOYQa5bNw4I3Rsgblev98Y37ksDoob7QV9mbgjWqHpeJow8TMrvPsScJVOC3jFK300s9jIoQzL"}}} {"metadata":{"emulator":{"name":"functions"},"function":{"name":"api"},"message":"[runtime-status] [67566] Checked functions.config() {\"config\":{\"stripe\":{\"secretkey\":\"sk_test_51ITBVZLEDt0tSm0ZhcJaRGaqXOYQa5bNw4I3Rsgblev98Y37ksDoob7QV9mbgjWqHpeJow8TMrvPsScJVOC3jFK300s9jIoQzL\"}}}"}}
[debug] [2021-03-15T14:39:01.936Z] [runtime-status] [67566] firebase-functions has been stubbed. {"functionsResolution":{"declared":true,"installed":true,"version":"3.13.0","resolution":"/Users/seanadamson/Documents/ecommerce-app/functions/node_modules/firebase-functions/lib/index.js"}} {"metadata":{"emulator":{"name":"functions"},"function":{"name":"api"},"message":"[runtime-status] [67566] firebase-functions has been stubbed. {\"functionsResolution\":{\"declared\":true,\"installed\":true,\"version\":\"3.13.0\",\"resolution\":\"/Users/seanadamson/Documents/ecommerce-app/functions/node_modules/firebase-functions/lib/index.js\"}}"}}
[debug] [2021-03-15T14:39:01.969Z] [runtime-status] [67566] Resolved module firebase-functions {"declared":true,"installed":true,"version":"3.13.0","resolution":"/Users/seanadamson/Documents/ecommerce-app/functions/node_modules/firebase-functions/lib/index.js"} {"metadata":{"emulator":{"name":"functions"},"function":{"name":"api"},"message":"[runtime-status] [67566] Resolved module firebase-functions {\"declared\":true,\"installed\":true,\"version\":\"3.13.0\",\"resolution\":\"/Users/seanadamson/Documents/ecommerce-app/functions/node_modules/firebase-functions/lib/index.js\"}"}}
[debug] [2021-03-15T14:39:01.969Z] [runtime-status] [67566] Resolved module firebase-admin {"declared":true,"installed":true,"version":"9.4.2","resolution":"/Users/seanadamson/Documents/ecommerce-app/functions/node_modules/firebase-admin/lib/index.js"} {"metadata":{"emulator":{"name":"functions"},"function":{"name":"api"},"message":"[runtime-status] [67566] Resolved module firebase-admin {\"declared\":true,\"installed\":true,\"version\":\"9.4.2\",\"resolution\":\"/Users/seanadamson/Documents/ecommerce-app/functions/node_modules/firebase-admin/lib/index.js\"}"}}
[debug] [2021-03-15T14:39:01.969Z] [runtime-status] [67566] Resolved module firebase-functions {"declared":true,"installed":true,"version":"3.13.0","resolution":"/Users/seanadamson/Documents/ecommerce-app/functions/node_modules/firebase-functions/lib/index.js"} {"metadata":{"emulator":{"name":"functions"},"function":{"name":"api"},"message":"[runtime-status] [67566] Resolved module firebase-functions {\"declared\":true,\"installed\":true,\"version\":\"3.13.0\",\"resolution\":\"/Users/seanadamson/Documents/ecommerce-app/functions/node_modules/firebase-functions/lib/index.js\"}"}}
[debug] [2021-03-15T14:39:01.969Z] [runtime-status] [67566] firebase-admin has been stubbed. {"adminResolution":{"declared":true,"installed":true,"version":"9.4.2","resolution":"/Users/seanadamson/Documents/ecommerce-app/functions/node_modules/firebase-admin/lib/index.js"}} {"metadata":{"emulator":{"name":"functions"},"function":{"name":"api"},"message":"[runtime-status] [67566] firebase-admin has been stubbed. {\"adminResolution\":{\"declared\":true,\"installed\":true,\"version\":\"9.4.2\",\"resolution\":\"/Users/seanadamson/Documents/ecommerce-app/functions/node_modules/firebase-admin/lib/index.js\"}}"}}
[debug] [2021-03-15T14:39:02.337Z] [runtime-status] [67566] initializeApp(DEFAULT) {"storageBucket":"e-commerce-app-9b649.appspot.com","projectId":"e-commerce-app-9b649"} {"metadata":{"emulator":{"name":"functions"},"function":{"name":"api"},"message":"[runtime-status] [67566] initializeApp(DEFAULT) {\"storageBucket\":\"e-commerce-app-9b649.appspot.com\",\"projectId\":\"e-commerce-app-9b649\"}"}}
[debug] [2021-03-15T14:39:02.960Z] [runtime-status] [67566] Trigger "api" has been found, beginning invocation! {"metadata":{"emulator":{"name":"functions"},"function":{"name":"api"},"message":"[runtime-status] [67566] Trigger \"api\" has been found, beginning invocation!"}}
[info] i  functions: Beginning execution of "api" {"metadata":{"emulator":{"name":"functions"},"function":{"name":"api"},"message":"Beginning execution of \"api\""}}
[debug] [2021-03-15T14:39:02.960Z] [runtime-status] [67566] triggerDefinition {"httpsTrigger":{},"name":"api","entryPoint":"api"} {"metadata":{"emulator":{"name":"functions"},"function":{"name":"api"},"message":"[runtime-status] [67566] triggerDefinition {\"httpsTrigger\":{},\"name\":\"api\",\"entryPoint\":\"api\"}"}}
[debug] [2021-03-15T14:39:02.960Z] [runtime-status] [67566] Running api in mode HTTPS {"metadata":{"emulator":{"name":"functions"},"function":{"name":"api"},"message":"[runtime-status] [67566] Running api in mode HTTPS"}}
[debug] [2021-03-15T14:39:02.964Z] [runtime-status] [67566] Attempting to listen to socketPath: /var/folders/37/pj2s8b552_lg710_npvxp0900000gn/T/fire_emu_67566.sock {"metadata":{"emulator":{"name":"functions"},"function":{"name":"api"},"message":"[runtime-status] [67566] Attempting to listen to socketPath: /var/folders/37/pj2s8b552_lg710_npvxp0900000gn/T/fire_emu_67566.sock"}}
[debug] [2021-03-15T14:39:02.971Z] [functions] Runtime ready! Sending request! {"metadata":{"emulator":{"name":"functions"},"message":"[functions] Runtime ready! Sending request!"}}
[debug] [2021-03-15T14:39:02.971Z] [functions] Got req.url=/e-commerce-app-9b649/us-central1/api/account, mapping to path=/account {"metadata":{"emulator":{"name":"functions"},"message":"[functions] Got req.url=/e-commerce-app-9b649/us-central1/api/account, mapping to path=/account"}}
[debug] [2021-03-15T14:39:02.983Z] [runtime-status] [67566] Ephemeral server handling GET request {"metadata":{"emulator":{"name":"functions"},"function":{"name":"api"},"message":"[runtime-status] [67566] Ephemeral server handling GET request"}}
[warn] ⚠  functions: The Firebase Authentication emulator is not running, so calls to Firebase Authentication will affect production. {"metadata":{"emulator":{"name":"functions"},"function":{"name":"api"},"message":"The Firebase Authentication emulator is not running, so calls to Firebase Authentication will affect production."}}
[debug] [2021-03-15T14:39:03.073Z] [runtime-status] [67566] Ephemeral server survived. {"metadata":{"emulator":{"name":"functions"},"function":{"name":"api"},"message":"[runtime-status] [67566] Ephemeral server survived."}}
[warn] ⚠  Google API requested!
   - URL: "https://oauth2.googleapis.com/token"
   - Be careful, this may be a production service. {"metadata":{"emulator":{"name":"functions"},"function":{"name":"api"},"message":"Google API requested!\n   - URL: \"https://oauth2.googleapis.com/token\"\n   - Be careful, this may be a production service."}}
[info] i  functions: Finished "api" in ~1s {"metadata":{"emulator":{"name":"functions"},"function":{"name":"api"},"message":"Finished \"api\" in ~1s"}}
[debug] [2021-03-15T14:39:03.718Z] [worker-api-cc4a3cf0-a970-4063-bcd0-fe019b6c174d]: IDLE {"metadata":{"emulator":{"name":"functions"},"message":"[worker-api-cc4a3cf0-a970-4063-bcd0-fe019b6c174d]: IDLE"}}
[debug] [2021-03-15T14:39:03.718Z] [work-queue] {"queueLength":0,"workRunningCount":0}
[debug] [2021-03-15T14:39:03.735Z] [work-queue] {"queueLength":1,"workRunningCount":0}
[debug] [2021-03-15T14:39:03.735Z] [work-queue] {"queueLength":0,"workRunningCount":1}
[debug] [2021-03-15T14:39:03.736Z] Accepted request GET /e-commerce-app-9b649/us-central1/api/get-cart --> api
[debug] [2021-03-15T14:39:03.736Z] [worker-pool] submitWork(triggerId=api) {"metadata":{"emulator":{"name":"functions"},"message":"[worker-pool] submitWork(triggerId=api)"}}
[debug] [2021-03-15T14:39:03.736Z] [worker-api-cc4a3cf0-a970-4063-bcd0-fe019b6c174d]: Assigning socketPath: /var/folders/37/pj2s8b552_lg710_npvxp0900000gn/T/fire_emu_67566.sock {"metadata":{"emulator":{"name":"functions"},"message":"[worker-api-cc4a3cf0-a970-4063-bcd0-fe019b6c174d]: Assigning socketPath: /var/folders/37/pj2s8b552_lg710_npvxp0900000gn/T/fire_emu_67566.sock"}}
[debug] [2021-03-15T14:39:03.736Z] [worker-api-cc4a3cf0-a970-4063-bcd0-fe019b6c174d]: BUSY {"metadata":{"emulator":{"name":"functions"},"message":"[worker-api-cc4a3cf0-a970-4063-bcd0-fe019b6c174d]: BUSY"}}
[debug] [2021-03-15T14:39:03.736Z] [runtime-status] [67566] Trigger "api" has been found, beginning invocation! {"metadata":{"emulator":{"name":"functions"},"function":{"name":"api"},"message":"[runtime-status] [67566] Trigger \"api\" has been found, beginning invocation!"}}
[info] i  functions: Beginning execution of "api" {"metadata":{"emulator":{"name":"functions"},"function":{"name":"api"},"message":"Beginning execution of \"api\""}}
[debug] [2021-03-15T14:39:03.737Z] [runtime-status] [67566] triggerDefinition {"httpsTrigger":{},"name":"api","entryPoint":"api"} {"metadata":{"emulator":{"name":"functions"},"function":{"name":"api"},"message":"[runtime-status] [67566] triggerDefinition {\"httpsTrigger\":{},\"name\":\"api\",\"entryPoint\":\"api\"}"}}
[debug] [2021-03-15T14:39:03.737Z] [runtime-status] [67566] Running api in mode HTTPS {"metadata":{"emulator":{"name":"functions"},"function":{"name":"api"},"message":"[runtime-status] [67566] Running api in mode HTTPS"}}
[debug] [2021-03-15T14:39:03.737Z] [runtime-status] [67566] Attempting to listen to socketPath: /var/folders/37/pj2s8b552_lg710_npvxp0900000gn/T/fire_emu_67566.sock {"metadata":{"emulator":{"name":"functions"},"function":{"name":"api"},"message":"[runtime-status] [67566] Attempting to listen to socketPath: /var/folders/37/pj2s8b552_lg710_npvxp0900000gn/T/fire_emu_67566.sock"}}
[debug] [2021-03-15T14:39:03.738Z] [functions] Runtime ready! Sending request! {"metadata":{"emulator":{"name":"functions"},"message":"[functions] Runtime ready! Sending request!"}}
[debug] [2021-03-15T14:39:03.738Z] [functions] Got req.url=/e-commerce-app-9b649/us-central1/api/get-cart, mapping to path=/get-cart {"metadata":{"emulator":{"name":"functions"},"message":"[functions] Got req.url=/e-commerce-app-9b649/us-central1/api/get-cart, mapping to path=/get-cart"}}
[debug] [2021-03-15T14:39:03.743Z] [runtime-status] [67566] Ephemeral server handling GET request {"metadata":{"emulator":{"name":"functions"},"function":{"name":"api"},"message":"[runtime-status] [67566] Ephemeral server handling GET request"}}
[debug] [2021-03-15T14:39:03.743Z] [runtime-status] [67566] Ephemeral server survived. {"metadata":{"emulator":{"name":"functions"},"function":{"name":"api"},"message":"[runtime-status] [67566] Ephemeral server survived."}}
[info] i  functions: Finished "api" in ~1s {"metadata":{"emulator":{"name":"functions"},"function":{"name":"api"},"message":"Finished \"api\" in ~1s"}}
[debug] [2021-03-15T14:39:03.910Z] [worker-api-cc4a3cf0-a970-4063-bcd0-fe019b6c174d]: IDLE {"metadata":{"emulator":{"name":"functions"},"message":"[worker-api-cc4a3cf0-a970-4063-bcd0-fe019b6c174d]: IDLE"}}
[debug] [2021-03-15T14:39:03.910Z] [work-queue] {"queueLength":0,"workRunningCount":0}
[debug] [2021-03-15T14:39:11.919Z] [work-queue] {"queueLength":1,"workRunningCount":0}
[debug] [2021-03-15T14:39:11.919Z] [work-queue] {"queueLength":0,"workRunningCount":1}
[debug] [2021-03-15T14:39:11.919Z] Accepted request POST /e-commerce-app-9b649/us-central1/api/payment-intents --> api
[debug] [2021-03-15T14:39:11.920Z] [worker-pool] submitWork(triggerId=api) {"metadata":{"emulator":{"name":"functions"},"message":"[worker-pool] submitWork(triggerId=api)"}}
[debug] [2021-03-15T14:39:11.920Z] [worker-api-cc4a3cf0-a970-4063-bcd0-fe019b6c174d]: Assigning socketPath: /var/folders/37/pj2s8b552_lg710_npvxp0900000gn/T/fire_emu_67566.sock {"metadata":{"emulator":{"name":"functions"},"message":"[worker-api-cc4a3cf0-a970-4063-bcd0-fe019b6c174d]: Assigning socketPath: /var/folders/37/pj2s8b552_lg710_npvxp0900000gn/T/fire_emu_67566.sock"}}
[debug] [2021-03-15T14:39:11.920Z] [worker-api-cc4a3cf0-a970-4063-bcd0-fe019b6c174d]: BUSY {"metadata":{"emulator":{"name":"functions"},"message":"[worker-api-cc4a3cf0-a970-4063-bcd0-fe019b6c174d]: BUSY"}}
[debug] [2021-03-15T14:39:11.923Z] [runtime-status] [67566] Trigger "api" has been found, beginning invocation! {"metadata":{"emulator":{"name":"functions"},"function":{"name":"api"},"message":"[runtime-status] [67566] Trigger \"api\" has been found, beginning invocation!"}}
[info] i  functions: Beginning execution of "api" {"metadata":{"emulator":{"name":"functions"},"function":{"name":"api"},"message":"Beginning execution of \"api\""}}
[debug] [2021-03-15T14:39:11.924Z] [runtime-status] [67566] triggerDefinition {"httpsTrigger":{},"name":"api","entryPoint":"api"} {"metadata":{"emulator":{"name":"functions"},"function":{"name":"api"},"message":"[runtime-status] [67566] triggerDefinition {\"httpsTrigger\":{},\"name\":\"api\",\"entryPoint\":\"api\"}"}}
[debug] [2021-03-15T14:39:11.924Z] [runtime-status] [67566] Running api in mode HTTPS {"metadata":{"emulator":{"name":"functions"},"function":{"name":"api"},"message":"[runtime-status] [67566] Running api in mode HTTPS"}}
[debug] [2021-03-15T14:39:11.925Z] [runtime-status] [67566] Attempting to listen to socketPath: /var/folders/37/pj2s8b552_lg710_npvxp0900000gn/T/fire_emu_67566.sock {"metadata":{"emulator":{"name":"functions"},"function":{"name":"api"},"message":"[runtime-status] [67566] Attempting to listen to socketPath: /var/folders/37/pj2s8b552_lg710_npvxp0900000gn/T/fire_emu_67566.sock"}}
[debug] [2021-03-15T14:39:11.927Z] [functions] Runtime ready! Sending request! {"metadata":{"emulator":{"name":"functions"},"message":"[functions] Runtime ready! Sending request!"}}
[debug] [2021-03-15T14:39:11.928Z] [functions] Got req.url=/e-commerce-app-9b649/us-central1/api/payment-intents, mapping to path=/payment-intents {"metadata":{"emulator":{"name":"functions"},"message":"[functions] Got req.url=/e-commerce-app-9b649/us-central1/api/payment-intents, mapping to path=/payment-intents"}}
[debug] [2021-03-15T14:39:11.961Z] [runtime-status] [67566] Ephemeral server handling POST request {"metadata":{"emulator":{"name":"functions"},"function":{"name":"api"},"message":"[runtime-status] [67566] Ephemeral server handling POST request"}}
[info] >  11500 {"user":11500,"metadata":{"emulator":{"name":"functions"},"function":{"name":"api"},"message":"\u001b[90m> \u001b[39m 11500"}}
[debug] [2021-03-15T14:39:11.985Z] [runtime-status] [67566] Ephemeral server survived. {"metadata":{"emulator":{"name":"functions"},"function":{"name":"api"},"message":"[runtime-status] [67566] Ephemeral server survived."}}
[info] i  functions: Finished "api" in ~1s {"metadata":{"emulator":{"name":"functions"},"function":{"name":"api"},"message":"Finished \"api\" in ~1s"}}
[debug] [2021-03-15T14:39:12.562Z] [worker-api-cc4a3cf0-a970-4063-bcd0-fe019b6c174d]: IDLE {"metadata":{"emulator":{"name":"functions"},"message":"[worker-api-cc4a3cf0-a970-4063-bcd0-fe019b6c174d]: IDLE"}}
[debug] [2021-03-15T14:39:12.562Z] [work-queue] {"queueLength":0,"workRunningCount":0}
[debug] [2021-03-15T14:40:02.060Z] [work-queue] {"queueLength":1,"workRunningCount":0}
[debug] [2021-03-15T14:40:02.060Z] [work-queue] {"queueLength":0,"workRunningCount":1}
[debug] [2021-03-15T14:40:02.060Z] Accepted request POST /e-commerce-app-9b649/us-central1/api/delete-from-cart --> api
[debug] [2021-03-15T14:40:02.060Z] [worker-pool] submitWork(triggerId=api) {"metadata":{"emulator":{"name":"functions"},"message":"[worker-pool] submitWork(triggerId=api)"}}
[debug] [2021-03-15T14:40:02.060Z] [worker-api-cc4a3cf0-a970-4063-bcd0-fe019b6c174d]: Assigning socketPath: /var/folders/37/pj2s8b552_lg710_npvxp0900000gn/T/fire_emu_67566.sock {"metadata":{"emulator":{"name":"functions"},"message":"[worker-api-cc4a3cf0-a970-4063-bcd0-fe019b6c174d]: Assigning socketPath: /var/folders/37/pj2s8b552_lg710_npvxp0900000gn/T/fire_emu_67566.sock"}}
[debug] [2021-03-15T14:40:02.060Z] [worker-api-cc4a3cf0-a970-4063-bcd0-fe019b6c174d]: BUSY {"metadata":{"emulator":{"name":"functions"},"message":"[worker-api-cc4a3cf0-a970-4063-bcd0-fe019b6c174d]: BUSY"}}
[debug] [2021-03-15T14:40:02.063Z] [runtime-status] [67566] Trigger "api" has been found, beginning invocation! {"metadata":{"emulator":{"name":"functions"},"function":{"name":"api"},"message":"[runtime-status] [67566] Trigger \"api\" has been found, beginning invocation!"}}
[info] i  functions: Beginning execution of "api" {"metadata":{"emulator":{"name":"functions"},"function":{"name":"api"},"message":"Beginning execution of \"api\""}}
[debug] [2021-03-15T14:40:02.063Z] [runtime-status] [67566] triggerDefinition {"httpsTrigger":{},"name":"api","entryPoint":"api"} {"metadata":{"emulator":{"name":"functions"},"function":{"name":"api"},"message":"[runtime-status] [67566] triggerDefinition {\"httpsTrigger\":{},\"name\":\"api\",\"entryPoint\":\"api\"}"}}
[debug] [2021-03-15T14:40:02.063Z] [runtime-status] [67566] Running api in mode HTTPS {"metadata":{"emulator":{"name":"functions"},"function":{"name":"api"},"message":"[runtime-status] [67566] Running api in mode HTTPS"}}
[debug] [2021-03-15T14:40:02.064Z] [runtime-status] [67566] Attempting to listen to socketPath: /var/folders/37/pj2s8b552_lg710_npvxp0900000gn/T/fire_emu_67566.sock {"metadata":{"emulator":{"name":"functions"},"function":{"name":"api"},"message":"[runtime-status] [67566] Attempting to listen to socketPath: /var/folders/37/pj2s8b552_lg710_npvxp0900000gn/T/fire_emu_67566.sock"}}
[debug] [2021-03-15T14:40:02.065Z] [functions] Runtime ready! Sending request! {"metadata":{"emulator":{"name":"functions"},"message":"[functions] Runtime ready! Sending request!"}}
[debug] [2021-03-15T14:40:02.065Z] [functions] Got req.url=/e-commerce-app-9b649/us-central1/api/delete-from-cart, mapping to path=/delete-from-cart {"metadata":{"emulator":{"name":"functions"},"message":"[functions] Got req.url=/e-commerce-app-9b649/us-central1/api/delete-from-cart, mapping to path=/delete-from-cart"}}
[debug] [2021-03-15T14:40:02.070Z] [runtime-status] [67566] Ephemeral server handling POST request {"metadata":{"emulator":{"name":"functions"},"function":{"name":"api"},"message":"[runtime-status] [67566] Ephemeral server handling POST request"}}
[debug] [2021-03-15T14:40:02.070Z] [runtime-status] [67566] Ephemeral server survived. {"metadata":{"emulator":{"name":"functions"},"function":{"name":"api"},"message":"[runtime-status] [67566] Ephemeral server survived."}}
[info] i  functions: Finished "api" in ~1s {"metadata":{"emulator":{"name":"functions"},"function":{"name":"api"},"message":"Finished \"api\" in ~1s"}}
[debug] [2021-03-15T14:40:02.255Z] [worker-api-cc4a3cf0-a970-4063-bcd0-fe019b6c174d]: IDLE {"metadata":{"emulator":{"name":"functions"},"message":"[worker-api-cc4a3cf0-a970-4063-bcd0-fe019b6c174d]: IDLE"}}
[debug] [2021-03-15T14:40:02.255Z] [work-queue] {"queueLength":0,"workRunningCount":0}
[debug] [2021-03-15T14:40:02.289Z] [work-queue] {"queueLength":1,"workRunningCount":0}
[debug] [2021-03-15T14:40:02.290Z] [work-queue] {"queueLength":0,"workRunningCount":1}
[debug] [2021-03-15T14:40:02.290Z] Accepted request GET /e-commerce-app-9b649/us-central1/api/get-cart --> api
[debug] [2021-03-15T14:40:02.290Z] [worker-pool] submitWork(triggerId=api) {"metadata":{"emulator":{"name":"functions"},"message":"[worker-pool] submitWork(triggerId=api)"}}
[debug] [2021-03-15T14:40:02.290Z] [worker-api-cc4a3cf0-a970-4063-bcd0-fe019b6c174d]: Assigning socketPath: /var/folders/37/pj2s8b552_lg710_npvxp0900000gn/T/fire_emu_67566.sock {"metadata":{"emulator":{"name":"functions"},"message":"[worker-api-cc4a3cf0-a970-4063-bcd0-fe019b6c174d]: Assigning socketPath: /var/folders/37/pj2s8b552_lg710_npvxp0900000gn/T/fire_emu_67566.sock"}}
[debug] [2021-03-15T14:40:02.290Z] [worker-api-cc4a3cf0-a970-4063-bcd0-fe019b6c174d]: BUSY {"metadata":{"emulator":{"name":"functions"},"message":"[worker-api-cc4a3cf0-a970-4063-bcd0-fe019b6c174d]: BUSY"}}
[debug] [2021-03-15T14:40:02.291Z] [runtime-status] [67566] Trigger "api" has been found, beginning invocation! {"metadata":{"emulator":{"name":"functions"},"function":{"name":"api"},"message":"[runtime-status] [67566] Trigger \"api\" has been found, beginning invocation!"}}
[info] i  functions: Beginning execution of "api" {"metadata":{"emulator":{"name":"functions"},"function":{"name":"api"},"message":"Beginning execution of \"api\""}}
[debug] [2021-03-15T14:40:02.292Z] [runtime-status] [67566] triggerDefinition {"httpsTrigger":{},"name":"api","entryPoint":"api"} {"metadata":{"emulator":{"name":"functions"},"function":{"name":"api"},"message":"[runtime-status] [67566] triggerDefinition {\"httpsTrigger\":{},\"name\":\"api\",\"entryPoint\":\"api\"}"}}
[debug] [2021-03-15T14:40:02.293Z] [runtime-status] [67566] Running api in mode HTTPS {"metadata":{"emulator":{"name":"functions"},"function":{"name":"api"},"message":"[runtime-status] [67566] Running api in mode HTTPS"}}
[debug] [2021-03-15T14:40:02.294Z] [runtime-status] [67566] Attempting to listen to socketPath: /var/folders/37/pj2s8b552_lg710_npvxp0900000gn/T/fire_emu_67566.sock {"metadata":{"emulator":{"name":"functions"},"function":{"name":"api"},"message":"[runtime-status] [67566] Attempting to listen to socketPath: /var/folders/37/pj2s8b552_lg710_npvxp0900000gn/T/fire_emu_67566.sock"}}
[debug] [2021-03-15T14:40:02.295Z] [functions] Runtime ready! Sending request! {"metadata":{"emulator":{"name":"functions"},"message":"[functions] Runtime ready! Sending request!"}}
[debug] [2021-03-15T14:40:02.295Z] [functions] Got req.url=/e-commerce-app-9b649/us-central1/api/get-cart, mapping to path=/get-cart {"metadata":{"emulator":{"name":"functions"},"message":"[functions] Got req.url=/e-commerce-app-9b649/us-central1/api/get-cart, mapping to path=/get-cart"}}
[debug] [2021-03-15T14:40:02.303Z] [runtime-status] [67566] Ephemeral server handling GET request {"metadata":{"emulator":{"name":"functions"},"function":{"name":"api"},"message":"[runtime-status] [67566] Ephemeral server handling GET request"}}
[debug] [2021-03-15T14:40:02.303Z] [runtime-status] [67566] Ephemeral server survived. {"metadata":{"emulator":{"name":"functions"},"function":{"name":"api"},"message":"[runtime-status] [67566] Ephemeral server survived."}}
[info] i  functions: Finished "api" in ~1s {"metadata":{"emulator":{"name":"functions"},"function":{"name":"api"},"message":"Finished \"api\" in ~1s"}}
[debug] [2021-03-15T14:40:02.461Z] [worker-api-cc4a3cf0-a970-4063-bcd0-fe019b6c174d]: IDLE {"metadata":{"emulator":{"name":"functions"},"message":"[worker-api-cc4a3cf0-a970-4063-bcd0-fe019b6c174d]: IDLE"}}
[debug] [2021-03-15T14:40:02.461Z] [work-queue] {"queueLength":0,"workRunningCount":0}
[debug] [2021-03-15T14:40:06.837Z] [work-queue] {"queueLength":1,"workRunningCount":0}
[debug] [2021-03-15T14:40:06.837Z] [work-queue] {"queueLength":0,"workRunningCount":1}
[debug] [2021-03-15T14:40:06.837Z] Accepted request POST /e-commerce-app-9b649/us-central1/api/get-favourites --> api
[debug] [2021-03-15T14:40:06.837Z] [worker-pool] submitWork(triggerId=api) {"metadata":{"emulator":{"name":"functions"},"message":"[worker-pool] submitWork(triggerId=api)"}}
[debug] [2021-03-15T14:40:06.838Z] [worker-api-cc4a3cf0-a970-4063-bcd0-fe019b6c174d]: Assigning socketPath: /var/folders/37/pj2s8b552_lg710_npvxp0900000gn/T/fire_emu_67566.sock {"metadata":{"emulator":{"name":"functions"},"message":"[worker-api-cc4a3cf0-a970-4063-bcd0-fe019b6c174d]: Assigning socketPath: /var/folders/37/pj2s8b552_lg710_npvxp0900000gn/T/fire_emu_67566.sock"}}
[debug] [2021-03-15T14:40:06.838Z] [worker-api-cc4a3cf0-a970-4063-bcd0-fe019b6c174d]: BUSY {"metadata":{"emulator":{"name":"functions"},"message":"[worker-api-cc4a3cf0-a970-4063-bcd0-fe019b6c174d]: BUSY"}}
[debug] [2021-03-15T14:40:06.841Z] [runtime-status] [67566] Trigger "api" has been found, beginning invocation! {"metadata":{"emulator":{"name":"functions"},"function":{"name":"api"},"message":"[runtime-status] [67566] Trigger \"api\" has been found, beginning invocation!"}}
[info] i  functions: Beginning execution of "api" {"metadata":{"emulator":{"name":"functions"},"function":{"name":"api"},"message":"Beginning execution of \"api\""}}
[debug] [2021-03-15T14:40:06.841Z] [runtime-status] [67566] triggerDefinition {"httpsTrigger":{},"name":"api","entryPoint":"api"} {"metadata":{"emulator":{"name":"functions"},"function":{"name":"api"},"message":"[runtime-status] [67566] triggerDefinition {\"httpsTrigger\":{},\"name\":\"api\",\"entryPoint\":\"api\"}"}}
[debug] [2021-03-15T14:40:06.841Z] [runtime-status] [67566] Running api in mode HTTPS {"metadata":{"emulator":{"name":"functions"},"function":{"name":"api"},"message":"[runtime-status] [67566] Running api in mode HTTPS"}}
[debug] [2021-03-15T14:40:06.842Z] [runtime-status] [67566] Attempting to listen to socketPath: /var/folders/37/pj2s8b552_lg710_npvxp0900000gn/T/fire_emu_67566.sock {"metadata":{"emulator":{"name":"functions"},"function":{"name":"api"},"message":"[runtime-status] [67566] Attempting to listen to socketPath: /var/folders/37/pj2s8b552_lg710_npvxp0900000gn/T/fire_emu_67566.sock"}}
[debug] [2021-03-15T14:40:06.843Z] [functions] Runtime ready! Sending request! {"metadata":{"emulator":{"name":"functions"},"message":"[functions] Runtime ready! Sending request!"}}
[debug] [2021-03-15T14:40:06.843Z] [functions] Got req.url=/e-commerce-app-9b649/us-central1/api/get-favourites, mapping to path=/get-favourites {"metadata":{"emulator":{"name":"functions"},"message":"[functions] Got req.url=/e-commerce-app-9b649/us-central1/api/get-favourites, mapping to path=/get-favourites"}}
[debug] [2021-03-15T14:40:06.847Z] [work-queue] {"queueLength":1,"workRunningCount":1}
[debug] [2021-03-15T14:40:06.847Z] [work-queue] {"queueLength":0,"workRunningCount":2}
[debug] [2021-03-15T14:40:06.847Z] Accepted request GET /e-commerce-app-9b649/us-central1/api/products/?collection=womens-shoes --> api
[debug] [2021-03-15T14:40:06.878Z] [worker-pool] addWorker(api) {"metadata":{"emulator":{"name":"functions"},"message":"[worker-pool] addWorker(api)"}}
[debug] [2021-03-15T14:40:06.878Z] [worker-pool] Adding worker with key api, total=2 {"metadata":{"emulator":{"name":"functions"},"message":"[worker-pool] Adding worker with key api, total=2"}}
[debug] [2021-03-15T14:40:06.878Z] [worker-pool] submitWork(triggerId=api) {"metadata":{"emulator":{"name":"functions"},"message":"[worker-pool] submitWork(triggerId=api)"}}
[debug] [2021-03-15T14:40:06.879Z] [worker-api-9f136cb6-1acb-4ca5-b684-5d3afc39d1b4]: Assigning socketPath: /var/folders/37/pj2s8b552_lg710_npvxp0900000gn/T/fire_emu_67581.sock {"metadata":{"emulator":{"name":"functions"},"message":"[worker-api-9f136cb6-1acb-4ca5-b684-5d3afc39d1b4]: Assigning socketPath: /var/folders/37/pj2s8b552_lg710_npvxp0900000gn/T/fire_emu_67581.sock"}}
[debug] [2021-03-15T14:40:06.879Z] [worker-api-9f136cb6-1acb-4ca5-b684-5d3afc39d1b4]: BUSY {"metadata":{"emulator":{"name":"functions"},"message":"[worker-api-9f136cb6-1acb-4ca5-b684-5d3afc39d1b4]: BUSY"}}
[debug] [2021-03-15T14:40:06.891Z] [runtime-status] [67566] Ephemeral server handling POST request {"metadata":{"emulator":{"name":"functions"},"function":{"name":"api"},"message":"[runtime-status] [67566] Ephemeral server handling POST request"}}
[debug] [2021-03-15T14:40:06.893Z] [runtime-status] [67566] Ephemeral server survived. {"metadata":{"emulator":{"name":"functions"},"function":{"name":"api"},"message":"[runtime-status] [67566] Ephemeral server survived."}}
[debug] [2021-03-15T14:40:07.157Z] [runtime-status] [67581] Functions runtime initialized. {"cwd":"/Users/seanadamson/Documents/ecommerce-app/functions","node_version":"14.15.4"} {"metadata":{"emulator":{"name":"functions"},"function":{"name":"api"},"message":"[runtime-status] [67581] Functions runtime initialized. {\"cwd\":\"/Users/seanadamson/Documents/ecommerce-app/functions\",\"node_version\":\"14.15.4\"}"}}
[debug] [2021-03-15T14:40:07.159Z] [runtime-status] [67581] Disabled runtime features: undefined {"metadata":{"emulator":{"name":"functions"},"function":{"name":"api"},"message":"[runtime-status] [67581] Disabled runtime features: undefined"}}
[debug] [2021-03-15T14:40:07.162Z] [runtime-status] [67581] Resolved module firebase-admin {"declared":true,"installed":true,"version":"9.4.2","resolution":"/Users/seanadamson/Documents/ecommerce-app/functions/node_modules/firebase-admin/lib/index.js"} {"metadata":{"emulator":{"name":"functions"},"function":{"name":"api"},"message":"[runtime-status] [67581] Resolved module firebase-admin {\"declared\":true,\"installed\":true,\"version\":\"9.4.2\",\"resolution\":\"/Users/seanadamson/Documents/ecommerce-app/functions/node_modules/firebase-admin/lib/index.js\"}"}}
[debug] [2021-03-15T14:40:07.164Z] [runtime-status] [67581] Resolved module firebase-functions {"declared":true,"installed":true,"version":"3.13.0","resolution":"/Users/seanadamson/Documents/ecommerce-app/functions/node_modules/firebase-functions/lib/index.js"} {"metadata":{"emulator":{"name":"functions"},"function":{"name":"api"},"message":"[runtime-status] [67581] Resolved module firebase-functions {\"declared\":true,\"installed\":true,\"version\":\"3.13.0\",\"resolution\":\"/Users/seanadamson/Documents/ecommerce-app/functions/node_modules/firebase-functions/lib/index.js\"}"}}
[debug] [2021-03-15T14:40:07.168Z] [runtime-status] [67581] Found local functions config: /Users/seanadamson/Documents/ecommerce-app/functions/.runtimeconfig.json {"metadata":{"emulator":{"name":"functions"},"function":{"name":"api"},"message":"[runtime-status] [67581] Found local functions config: /Users/seanadamson/Documents/ecommerce-app/functions/.runtimeconfig.json"}}
[debug] [2021-03-15T14:40:07.170Z] [runtime-status] [67581] Resolved module firebase-functions {"declared":true,"installed":true,"version":"3.13.0","resolution":"/Users/seanadamson/Documents/ecommerce-app/functions/node_modules/firebase-functions/lib/index.js"} {"metadata":{"emulator":{"name":"functions"},"function":{"name":"api"},"message":"[runtime-status] [67581] Resolved module firebase-functions {\"declared\":true,\"installed\":true,\"version\":\"3.13.0\",\"resolution\":\"/Users/seanadamson/Documents/ecommerce-app/functions/node_modules/firebase-functions/lib/index.js\"}"}}
[debug] [2021-03-15T14:40:07.174Z] [runtime-status] [67581] Outgoing network have been stubbed. [{"name":"http","status":"mocked"},{"name":"http","status":"mocked"},{"name":"https","status":"mocked"},{"name":"https","status":"mocked"},{"name":"net","status":"mocked"}] {"metadata":{"emulator":{"name":"functions"},"function":{"name":"api"},"message":"[runtime-status] [67581] Outgoing network have been stubbed. [{\"name\":\"http\",\"status\":\"mocked\"},{\"name\":\"http\",\"status\":\"mocked\"},{\"name\":\"https\",\"status\":\"mocked\"},{\"name\":\"https\",\"status\":\"mocked\"},{\"name\":\"net\",\"status\":\"mocked\"}]"}}
[debug] [2021-03-15T14:40:07.174Z] [runtime-status] [67581] Resolved module firebase-functions {"declared":true,"installed":true,"version":"3.13.0","resolution":"/Users/seanadamson/Documents/ecommerce-app/functions/node_modules/firebase-functions/lib/index.js"} {"metadata":{"emulator":{"name":"functions"},"function":{"name":"api"},"message":"[runtime-status] [67581] Resolved module firebase-functions {\"declared\":true,\"installed\":true,\"version\":\"3.13.0\",\"resolution\":\"/Users/seanadamson/Documents/ecommerce-app/functions/node_modules/firebase-functions/lib/index.js\"}"}}
[info] i  functions: Finished "api" in ~1s {"metadata":{"emulator":{"name":"functions"},"function":{"name":"api"},"message":"Finished \"api\" in ~1s"}}
[debug] [2021-03-15T14:40:07.193Z] [worker-api-cc4a3cf0-a970-4063-bcd0-fe019b6c174d]: IDLE {"metadata":{"emulator":{"name":"functions"},"message":"[worker-api-cc4a3cf0-a970-4063-bcd0-fe019b6c174d]: IDLE"}}
[debug] [2021-03-15T14:40:07.193Z] [work-queue] {"queueLength":0,"workRunningCount":1}
[debug] [2021-03-15T14:40:07.241Z] [runtime-status] [67581] Checked functions.config() {"config":{"stripe":{"secretkey":"sk_test_51ITBVZLEDt0tSm0ZhcJaRGaqXOYQa5bNw4I3Rsgblev98Y37ksDoob7QV9mbgjWqHpeJow8TMrvPsScJVOC3jFK300s9jIoQzL"}}} {"metadata":{"emulator":{"name":"functions"},"function":{"name":"api"},"message":"[runtime-status] [67581] Checked functions.config() {\"config\":{\"stripe\":{\"secretkey\":\"sk_test_51ITBVZLEDt0tSm0ZhcJaRGaqXOYQa5bNw4I3Rsgblev98Y37ksDoob7QV9mbgjWqHpeJow8TMrvPsScJVOC3jFK300s9jIoQzL\"}}}"}}
[debug] [2021-03-15T14:40:07.241Z] [runtime-status] [67581] firebase-functions has been stubbed. {"functionsResolution":{"declared":true,"installed":true,"version":"3.13.0","resolution":"/Users/seanadamson/Documents/ecommerce-app/functions/node_modules/firebase-functions/lib/index.js"}} {"metadata":{"emulator":{"name":"functions"},"function":{"name":"api"},"message":"[runtime-status] [67581] firebase-functions has been stubbed. {\"functionsResolution\":{\"declared\":true,\"installed\":true,\"version\":\"3.13.0\",\"resolution\":\"/Users/seanadamson/Documents/ecommerce-app/functions/node_modules/firebase-functions/lib/index.js\"}}"}}
[debug] [2021-03-15T14:40:07.241Z] [runtime-status] [67581] Resolved module firebase-functions {"declared":true,"installed":true,"version":"3.13.0","resolution":"/Users/seanadamson/Documents/ecommerce-app/functions/node_modules/firebase-functions/lib/index.js"} {"metadata":{"emulator":{"name":"functions"},"function":{"name":"api"},"message":"[runtime-status] [67581] Resolved module firebase-functions {\"declared\":true,\"installed\":true,\"version\":\"3.13.0\",\"resolution\":\"/Users/seanadamson/Documents/ecommerce-app/functions/node_modules/firebase-functions/lib/index.js\"}"}}
[debug] [2021-03-15T14:40:07.242Z] [runtime-status] [67581] Resolved module firebase-admin {"declared":true,"installed":true,"version":"9.4.2","resolution":"/Users/seanadamson/Documents/ecommerce-app/functions/node_modules/firebase-admin/lib/index.js"} {"metadata":{"emulator":{"name":"functions"},"function":{"name":"api"},"message":"[runtime-status] [67581] Resolved module firebase-admin {\"declared\":true,\"installed\":true,\"version\":\"9.4.2\",\"resolution\":\"/Users/seanadamson/Documents/ecommerce-app/functions/node_modules/firebase-admin/lib/index.js\"}"}}
[debug] [2021-03-15T14:40:07.243Z] [runtime-status] [67581] Resolved module firebase-functions {"declared":true,"installed":true,"version":"3.13.0","resolution":"/Users/seanadamson/Documents/ecommerce-app/functions/node_modules/firebase-functions/lib/index.js"} {"metadata":{"emulator":{"name":"functions"},"function":{"name":"api"},"message":"[runtime-status] [67581] Resolved module firebase-functions {\"declared\":true,\"installed\":true,\"version\":\"3.13.0\",\"resolution\":\"/Users/seanadamson/Documents/ecommerce-app/functions/node_modules/firebase-functions/lib/index.js\"}"}}
[debug] [2021-03-15T14:40:07.243Z] [runtime-status] [67581] firebase-admin has been stubbed. {"adminResolution":{"declared":true,"installed":true,"version":"9.4.2","resolution":"/Users/seanadamson/Documents/ecommerce-app/functions/node_modules/firebase-admin/lib/index.js"}} {"metadata":{"emulator":{"name":"functions"},"function":{"name":"api"},"message":"[runtime-status] [67581] firebase-admin has been stubbed. {\"adminResolution\":{\"declared\":true,\"installed\":true,\"version\":\"9.4.2\",\"resolution\":\"/Users/seanadamson/Documents/ecommerce-app/functions/node_modules/firebase-admin/lib/index.js\"}}"}}
[debug] [2021-03-15T14:40:07.372Z] [runtime-status] [67581] initializeApp(DEFAULT) {"storageBucket":"e-commerce-app-9b649.appspot.com","projectId":"e-commerce-app-9b649"} {"metadata":{"emulator":{"name":"functions"},"function":{"name":"api"},"message":"[runtime-status] [67581] initializeApp(DEFAULT) {\"storageBucket\":\"e-commerce-app-9b649.appspot.com\",\"projectId\":\"e-commerce-app-9b649\"}"}}
[debug] [2021-03-15T14:40:07.989Z] [runtime-status] [67581] Trigger "api" has been found, beginning invocation! {"metadata":{"emulator":{"name":"functions"},"function":{"name":"api"},"message":"[runtime-status] [67581] Trigger \"api\" has been found, beginning invocation!"}}
[info] i  functions: Beginning execution of "api" {"metadata":{"emulator":{"name":"functions"},"function":{"name":"api"},"message":"Beginning execution of \"api\""}}
[debug] [2021-03-15T14:40:07.989Z] [runtime-status] [67581] triggerDefinition {"httpsTrigger":{},"name":"api","entryPoint":"api"} {"metadata":{"emulator":{"name":"functions"},"function":{"name":"api"},"message":"[runtime-status] [67581] triggerDefinition {\"httpsTrigger\":{},\"name\":\"api\",\"entryPoint\":\"api\"}"}}
[debug] [2021-03-15T14:40:07.989Z] [runtime-status] [67581] Running api in mode HTTPS {"metadata":{"emulator":{"name":"functions"},"function":{"name":"api"},"message":"[runtime-status] [67581] Running api in mode HTTPS"}}
[debug] [2021-03-15T14:40:08.004Z] [runtime-status] [67581] Attempting to listen to socketPath: /var/folders/37/pj2s8b552_lg710_npvxp0900000gn/T/fire_emu_67581.sock {"metadata":{"emulator":{"name":"functions"},"function":{"name":"api"},"message":"[runtime-status] [67581] Attempting to listen to socketPath: /var/folders/37/pj2s8b552_lg710_npvxp0900000gn/T/fire_emu_67581.sock"}}
[debug] [2021-03-15T14:40:08.008Z] [functions] Runtime ready! Sending request! {"metadata":{"emulator":{"name":"functions"},"message":"[functions] Runtime ready! Sending request!"}}
[debug] [2021-03-15T14:40:08.008Z] [functions] Got req.url=/e-commerce-app-9b649/us-central1/api/products/?collection=womens-shoes, mapping to path=/products/?collection=womens-shoes {"metadata":{"emulator":{"name":"functions"},"message":"[functions] Got req.url=/e-commerce-app-9b649/us-central1/api/products/?collection=womens-shoes, mapping to path=/products/?collection=womens-shoes"}}
[debug] [2021-03-15T14:40:08.022Z] [runtime-status] [67581] Ephemeral server handling GET request {"metadata":{"emulator":{"name":"functions"},"function":{"name":"api"},"message":"[runtime-status] [67581] Ephemeral server handling GET request"}}
[debug] [2021-03-15T14:40:08.028Z] [runtime-status] [67581] Ephemeral server survived. {"metadata":{"emulator":{"name":"functions"},"function":{"name":"api"},"message":"[runtime-status] [67581] Ephemeral server survived."}}
[warn] ⚠  Google API requested!
   - URL: "https://oauth2.googleapis.com/token"
   - Be careful, this may be a production service. {"metadata":{"emulator":{"name":"functions"},"function":{"name":"api"},"message":"Google API requested!\n   - URL: \"https://oauth2.googleapis.com/token\"\n   - Be careful, this may be a production service."}}
[info] i  functions: Finished "api" in ~1s {"metadata":{"emulator":{"name":"functions"},"function":{"name":"api"},"message":"Finished \"api\" in ~1s"}}
[debug] [2021-03-15T14:40:08.685Z] [worker-api-9f136cb6-1acb-4ca5-b684-5d3afc39d1b4]: IDLE {"metadata":{"emulator":{"name":"functions"},"message":"[worker-api-9f136cb6-1acb-4ca5-b684-5d3afc39d1b4]: IDLE"}}
[debug] [2021-03-15T14:40:08.686Z] [work-queue] {"queueLength":0,"workRunningCount":0}
[debug] [2021-03-15T14:40:12.658Z] [work-queue] {"queueLength":1,"workRunningCount":0}
[debug] [2021-03-15T14:40:12.658Z] [work-queue] {"queueLength":0,"workRunningCount":1}
[debug] [2021-03-15T14:40:12.658Z] Accepted request POST /e-commerce-app-9b649/us-central1/api/add-to-cart --> api
[debug] [2021-03-15T14:40:12.658Z] [worker-pool] submitWork(triggerId=api) {"metadata":{"emulator":{"name":"functions"},"message":"[worker-pool] submitWork(triggerId=api)"}}
[debug] [2021-03-15T14:40:12.658Z] [worker-api-cc4a3cf0-a970-4063-bcd0-fe019b6c174d]: Assigning socketPath: /var/folders/37/pj2s8b552_lg710_npvxp0900000gn/T/fire_emu_67566.sock {"metadata":{"emulator":{"name":"functions"},"message":"[worker-api-cc4a3cf0-a970-4063-bcd0-fe019b6c174d]: Assigning socketPath: /var/folders/37/pj2s8b552_lg710_npvxp0900000gn/T/fire_emu_67566.sock"}}
[debug] [2021-03-15T14:40:12.658Z] [worker-api-cc4a3cf0-a970-4063-bcd0-fe019b6c174d]: BUSY {"metadata":{"emulator":{"name":"functions"},"message":"[worker-api-cc4a3cf0-a970-4063-bcd0-fe019b6c174d]: BUSY"}}
[debug] [2021-03-15T14:40:12.659Z] [runtime-status] [67566] Trigger "api" has been found, beginning invocation! {"metadata":{"emulator":{"name":"functions"},"function":{"name":"api"},"message":"[runtime-status] [67566] Trigger \"api\" has been found, beginning invocation!"}}
[info] i  functions: Beginning execution of "api" {"metadata":{"emulator":{"name":"functions"},"function":{"name":"api"},"message":"Beginning execution of \"api\""}}
[debug] [2021-03-15T14:40:12.659Z] [runtime-status] [67566] triggerDefinition {"httpsTrigger":{},"name":"api","entryPoint":"api"} {"metadata":{"emulator":{"name":"functions"},"function":{"name":"api"},"message":"[runtime-status] [67566] triggerDefinition {\"httpsTrigger\":{},\"name\":\"api\",\"entryPoint\":\"api\"}"}}
[debug] [2021-03-15T14:40:12.659Z] [runtime-status] [67566] Running api in mode HTTPS {"metadata":{"emulator":{"name":"functions"},"function":{"name":"api"},"message":"[runtime-status] [67566] Running api in mode HTTPS"}}
[debug] [2021-03-15T14:40:12.659Z] [runtime-status] [67566] Attempting to listen to socketPath: /var/folders/37/pj2s8b552_lg710_npvxp0900000gn/T/fire_emu_67566.sock {"metadata":{"emulator":{"name":"functions"},"function":{"name":"api"},"message":"[runtime-status] [67566] Attempting to listen to socketPath: /var/folders/37/pj2s8b552_lg710_npvxp0900000gn/T/fire_emu_67566.sock"}}
[debug] [2021-03-15T14:40:12.660Z] [functions] Runtime ready! Sending request! {"metadata":{"emulator":{"name":"functions"},"message":"[functions] Runtime ready! Sending request!"}}
[debug] [2021-03-15T14:40:12.660Z] [functions] Got req.url=/e-commerce-app-9b649/us-central1/api/add-to-cart, mapping to path=/add-to-cart {"metadata":{"emulator":{"name":"functions"},"message":"[functions] Got req.url=/e-commerce-app-9b649/us-central1/api/add-to-cart, mapping to path=/add-to-cart"}}
[debug] [2021-03-15T14:40:12.663Z] [runtime-status] [67566] Ephemeral server handling POST request {"metadata":{"emulator":{"name":"functions"},"function":{"name":"api"},"message":"[runtime-status] [67566] Ephemeral server handling POST request"}}
[debug] [2021-03-15T14:40:12.664Z] [runtime-status] [67566] Ephemeral server survived. {"metadata":{"emulator":{"name":"functions"},"function":{"name":"api"},"message":"[runtime-status] [67566] Ephemeral server survived."}}
[info] i  functions: Finished "api" in ~1s {"metadata":{"emulator":{"name":"functions"},"function":{"name":"api"},"message":"Finished \"api\" in ~1s"}}
[debug] [2021-03-15T14:40:13.137Z] [worker-api-cc4a3cf0-a970-4063-bcd0-fe019b6c174d]: IDLE {"metadata":{"emulator":{"name":"functions"},"message":"[worker-api-cc4a3cf0-a970-4063-bcd0-fe019b6c174d]: IDLE"}}
[debug] [2021-03-15T14:40:13.137Z] [work-queue] {"queueLength":0,"workRunningCount":0}
[debug] [2021-03-15T14:40:13.179Z] [work-queue] {"queueLength":1,"workRunningCount":0}
[debug] [2021-03-15T14:40:13.179Z] [work-queue] {"queueLength":0,"workRunningCount":1}
[debug] [2021-03-15T14:40:13.179Z] Accepted request GET /e-commerce-app-9b649/us-central1/api/get-cart --> api
[debug] [2021-03-15T14:40:13.179Z] [worker-pool] submitWork(triggerId=api) {"metadata":{"emulator":{"name":"functions"},"message":"[worker-pool] submitWork(triggerId=api)"}}
[debug] [2021-03-15T14:40:13.180Z] [worker-api-cc4a3cf0-a970-4063-bcd0-fe019b6c174d]: Assigning socketPath: /var/folders/37/pj2s8b552_lg710_npvxp0900000gn/T/fire_emu_67566.sock {"metadata":{"emulator":{"name":"functions"},"message":"[worker-api-cc4a3cf0-a970-4063-bcd0-fe019b6c174d]: Assigning socketPath: /var/folders/37/pj2s8b552_lg710_npvxp0900000gn/T/fire_emu_67566.sock"}}
[debug] [2021-03-15T14:40:13.180Z] [worker-api-cc4a3cf0-a970-4063-bcd0-fe019b6c174d]: BUSY {"metadata":{"emulator":{"name":"functions"},"message":"[worker-api-cc4a3cf0-a970-4063-bcd0-fe019b6c174d]: BUSY"}}
[debug] [2021-03-15T14:40:13.180Z] [runtime-status] [67566] Trigger "api" has been found, beginning invocation! {"metadata":{"emulator":{"name":"functions"},"function":{"name":"api"},"message":"[runtime-status] [67566] Trigger \"api\" has been found, beginning invocation!"}}
[info] i  functions: Beginning execution of "api" {"metadata":{"emulator":{"name":"functions"},"function":{"name":"api"},"message":"Beginning execution of \"api\""}}
[debug] [2021-03-15T14:40:13.181Z] [runtime-status] [67566] triggerDefinition {"httpsTrigger":{},"name":"api","entryPoint":"api"} {"metadata":{"emulator":{"name":"functions"},"function":{"name":"api"},"message":"[runtime-status] [67566] triggerDefinition {\"httpsTrigger\":{},\"name\":\"api\",\"entryPoint\":\"api\"}"}}
[debug] [2021-03-15T14:40:13.181Z] [runtime-status] [67566] Running api in mode HTTPS {"metadata":{"emulator":{"name":"functions"},"function":{"name":"api"},"message":"[runtime-status] [67566] Running api in mode HTTPS"}}
[debug] [2021-03-15T14:40:13.181Z] [runtime-status] [67566] Attempting to listen to socketPath: /var/folders/37/pj2s8b552_lg710_npvxp0900000gn/T/fire_emu_67566.sock {"metadata":{"emulator":{"name":"functions"},"function":{"name":"api"},"message":"[runtime-status] [67566] Attempting to listen to socketPath: /var/folders/37/pj2s8b552_lg710_npvxp0900000gn/T/fire_emu_67566.sock"}}
[debug] [2021-03-15T14:40:13.184Z] [functions] Runtime ready! Sending request! {"metadata":{"emulator":{"name":"functions"},"message":"[functions] Runtime ready! Sending request!"}}
[debug] [2021-03-15T14:40:13.185Z] [functions] Got req.url=/e-commerce-app-9b649/us-central1/api/get-cart, mapping to path=/get-cart {"metadata":{"emulator":{"name":"functions"},"message":"[functions] Got req.url=/e-commerce-app-9b649/us-central1/api/get-cart, mapping to path=/get-cart"}}
[debug] [2021-03-15T14:40:13.188Z] [runtime-status] [67566] Ephemeral server handling GET request {"metadata":{"emulator":{"name":"functions"},"function":{"name":"api"},"message":"[runtime-status] [67566] Ephemeral server handling GET request"}}
[debug] [2021-03-15T14:40:13.188Z] [runtime-status] [67566] Ephemeral server survived. {"metadata":{"emulator":{"name":"functions"},"function":{"name":"api"},"message":"[runtime-status] [67566] Ephemeral server survived."}}
[info] i  functions: Finished "api" in ~1s {"metadata":{"emulator":{"name":"functions"},"function":{"name":"api"},"message":"Finished \"api\" in ~1s"}}
[debug] [2021-03-15T14:40:13.354Z] [worker-api-cc4a3cf0-a970-4063-bcd0-fe019b6c174d]: IDLE {"metadata":{"emulator":{"name":"functions"},"message":"[worker-api-cc4a3cf0-a970-4063-bcd0-fe019b6c174d]: IDLE"}}
[debug] [2021-03-15T14:40:13.354Z] [work-queue] {"queueLength":0,"workRunningCount":0}
[debug] [2021-03-15T14:40:29.419Z] [work-queue] {"queueLength":1,"workRunningCount":0}
[debug] [2021-03-15T14:40:29.419Z] [work-queue] {"queueLength":0,"workRunningCount":1}
[debug] [2021-03-15T14:40:29.419Z] Accepted request POST /e-commerce-app-9b649/us-central1/api/payment-intents --> api
[debug] [2021-03-15T14:40:29.419Z] [worker-pool] submitWork(triggerId=api) {"metadata":{"emulator":{"name":"functions"},"message":"[worker-pool] submitWork(triggerId=api)"}}
[debug] [2021-03-15T14:40:29.419Z] [worker-api-cc4a3cf0-a970-4063-bcd0-fe019b6c174d]: Assigning socketPath: /var/folders/37/pj2s8b552_lg710_npvxp0900000gn/T/fire_emu_67566.sock {"metadata":{"emulator":{"name":"functions"},"message":"[worker-api-cc4a3cf0-a970-4063-bcd0-fe019b6c174d]: Assigning socketPath: /var/folders/37/pj2s8b552_lg710_npvxp0900000gn/T/fire_emu_67566.sock"}}
[debug] [2021-03-15T14:40:29.419Z] [worker-api-cc4a3cf0-a970-4063-bcd0-fe019b6c174d]: BUSY {"metadata":{"emulator":{"name":"functions"},"message":"[worker-api-cc4a3cf0-a970-4063-bcd0-fe019b6c174d]: BUSY"}}
[debug] [2021-03-15T14:40:29.421Z] [runtime-status] [67566] Trigger "api" has been found, beginning invocation! {"metadata":{"emulator":{"name":"functions"},"function":{"name":"api"},"message":"[runtime-status] [67566] Trigger \"api\" has been found, beginning invocation!"}}
[info] i  functions: Beginning execution of "api" {"metadata":{"emulator":{"name":"functions"},"function":{"name":"api"},"message":"Beginning execution of \"api\""}}
[debug] [2021-03-15T14:40:29.421Z] [runtime-status] [67566] triggerDefinition {"httpsTrigger":{},"name":"api","entryPoint":"api"} {"metadata":{"emulator":{"name":"functions"},"function":{"name":"api"},"message":"[runtime-status] [67566] triggerDefinition {\"httpsTrigger\":{},\"name\":\"api\",\"entryPoint\":\"api\"}"}}
[debug] [2021-03-15T14:40:29.422Z] [runtime-status] [67566] Running api in mode HTTPS {"metadata":{"emulator":{"name":"functions"},"function":{"name":"api"},"message":"[runtime-status] [67566] Running api in mode HTTPS"}}
[debug] [2021-03-15T14:40:29.422Z] [runtime-status] [67566] Attempting to listen to socketPath: /var/folders/37/pj2s8b552_lg710_npvxp0900000gn/T/fire_emu_67566.sock {"metadata":{"emulator":{"name":"functions"},"function":{"name":"api"},"message":"[runtime-status] [67566] Attempting to listen to socketPath: /var/folders/37/pj2s8b552_lg710_npvxp0900000gn/T/fire_emu_67566.sock"}}
[debug] [2021-03-15T14:40:29.423Z] [functions] Runtime ready! Sending request! {"metadata":{"emulator":{"name":"functions"},"message":"[functions] Runtime ready! Sending request!"}}
[debug] [2021-03-15T14:40:29.423Z] [functions] Got req.url=/e-commerce-app-9b649/us-central1/api/payment-intents, mapping to path=/payment-intents {"metadata":{"emulator":{"name":"functions"},"message":"[functions] Got req.url=/e-commerce-app-9b649/us-central1/api/payment-intents, mapping to path=/payment-intents"}}
[debug] [2021-03-15T14:40:29.431Z] [runtime-status] [67566] Ephemeral server handling POST request {"metadata":{"emulator":{"name":"functions"},"function":{"name":"api"},"message":"[runtime-status] [67566] Ephemeral server handling POST request"}}
[info] >  12500 {"user":12500,"metadata":{"emulator":{"name":"functions"},"function":{"name":"api"},"message":"\u001b[90m> \u001b[39m 12500"}}
[debug] [2021-03-15T14:40:29.432Z] [runtime-status] [67566] Ephemeral server survived. {"metadata":{"emulator":{"name":"functions"},"function":{"name":"api"},"message":"[runtime-status] [67566] Ephemeral server survived."}}
[info] i  functions: Finished "api" in ~1s {"metadata":{"emulator":{"name":"functions"},"function":{"name":"api"},"message":"Finished \"api\" in ~1s"}}
[debug] [2021-03-15T14:40:29.956Z] [worker-api-cc4a3cf0-a970-4063-bcd0-fe019b6c174d]: IDLE {"metadata":{"emulator":{"name":"functions"},"message":"[worker-api-cc4a3cf0-a970-4063-bcd0-fe019b6c174d]: IDLE"}}
[debug] [2021-03-15T14:40:29.957Z] [work-queue] {"queueLength":0,"workRunningCount":0}
