[debug] [2020-12-30T17:12:54.678Z] ----------------------------------------------------------------------
[debug] [2020-12-30T17:12:54.681Z] Command:       /usr/local/Cellar/node/15.3.0/bin/node /usr/local/bin/firebase serve
[debug] [2020-12-30T17:12:54.681Z] CLI Version:   9.1.0
[debug] [2020-12-30T17:12:54.681Z] Platform:      darwin
[debug] [2020-12-30T17:12:54.681Z] Node Version:  v15.3.0
[debug] [2020-12-30T17:12:54.703Z] Time:          Wed Dec 30 2020 17:12:54 GMT+0000 (Greenwich Mean Time)
[debug] [2020-12-30T17:12:54.703Z] ----------------------------------------------------------------------
[debug] [2020-12-30T17:12:54.703Z] 
[debug] [2020-12-30T17:12:54.705Z] >>> [apiv2][query] GET https://firebase-public.firebaseio.com/cli.json [none]
[debug] [2020-12-30T17:12:54.767Z] > command requires scopes: ["email","openid","https://www.googleapis.com/auth/cloudplatformprojects.readonly","https://www.googleapis.com/auth/firebase","https://www.googleapis.com/auth/cloud-platform"]
[debug] [2020-12-30T17:12:54.768Z] > authorizing via signed-in user
[debug] [2020-12-30T17:12:54.768Z] [iam] checking project e-commerce-app-9b649 for permissions ["firebase.projects.get"]
[debug] [2020-12-30T17:12:54.770Z] > refreshing access token with scopes: ["email","https://www.googleapis.com/auth/cloud-platform","https://www.googleapis.com/auth/cloudplatformprojects.readonly","https://www.googleapis.com/auth/firebase","openid"]
[debug] [2020-12-30T17:12:54.771Z] >>> HTTP REQUEST POST https://www.googleapis.com/oauth2/v3/token  
 <request body omitted>
[debug] [2020-12-30T17:12:55.362Z] <<< [apiv2][status] GET https://firebase-public.firebaseio.com/cli.json 200
[debug] [2020-12-30T17:12:55.362Z] <<< [apiv2][body] GET https://firebase-public.firebaseio.com/cli.json {"cloudBuildErrorAfter":1594252800000,"cloudBuildWarnAfter":1590019200000,"defaultNode10After":1594252800000,"minVersion":"3.0.5","node8DeploysDisabledAfter":1613390400000,"node8RuntimeDisabledAfter":1615809600000,"node8WarnAfter":1600128000000}
[debug] [2020-12-30T17:12:56.055Z] <<< HTTP RESPONSE 200 {"expires":"Mon, 01 Jan 1990 00:00:00 GMT","cache-control":"no-cache, no-store, max-age=0, must-revalidate","pragma":"no-cache","date":"Wed, 30 Dec 2020 17:12:56 GMT","content-type":"application/json; charset=utf-8","vary":"X-Origin, Referer, Origin,Accept-Encoding","server":"scaffolding on HTTPServer2","x-xss-protection":"0","x-frame-options":"SAMEORIGIN","x-content-type-options":"nosniff","alt-svc":"h3-29=\":443\"; ma=2592000,h3-T051=\":443\"; ma=2592000,h3-Q050=\":443\"; ma=2592000,h3-Q046=\":443\"; ma=2592000,h3-Q043=\":443\"; ma=2592000,quic=\":443\"; ma=2592000; v=\"46,43\"","accept-ranges":"none","transfer-encoding":"chunked"}
[debug] [2020-12-30T17:12:56.068Z] >>> HTTP REQUEST POST https://cloudresourcemanager.googleapis.com/v1/projects/e-commerce-app-9b649:testIamPermissions  
 {"permissions":["firebase.projects.get"]}
[debug] [2020-12-30T17:12:56.936Z] <<< HTTP RESPONSE 200 {"content-type":"application/json; charset=UTF-8","vary":"X-Origin, Referer, Origin,Accept-Encoding","date":"Wed, 30 Dec 2020 17:12:56 GMT","server":"ESF","cache-control":"private","x-xss-protection":"0","x-frame-options":"SAMEORIGIN","x-content-type-options":"nosniff","server-timing":"gfet4t7; dur=550","alt-svc":"h3-29=\":443\"; ma=2592000,h3-T051=\":443\"; ma=2592000,h3-Q050=\":443\"; ma=2592000,h3-Q046=\":443\"; ma=2592000,h3-Q043=\":443\"; ma=2592000,quic=\":443\"; ma=2592000; v=\"46,43\"","accept-ranges":"none","transfer-encoding":"chunked"}
[debug] [2020-12-30T17:12:56.937Z] >>> HTTP REQUEST GET https://firebase.googleapis.com/v1beta1/projects/e-commerce-app-9b649  
 
[debug] [2020-12-30T17:12:57.171Z] <<< HTTP RESPONSE 200 {"content-type":"application/json; charset=UTF-8","vary":"X-Origin, Referer, Origin,Accept-Encoding","date":"Wed, 30 Dec 2020 17:12:57 GMT","server":"ESF","cache-control":"private","x-xss-protection":"0","x-frame-options":"SAMEORIGIN","x-content-type-options":"nosniff","alt-svc":"h3-29=\":443\"; ma=2592000,h3-T051=\":443\"; ma=2592000,h3-Q050=\":443\"; ma=2592000,h3-Q046=\":443\"; ma=2592000,h3-Q043=\":443\"; ma=2592000,quic=\":443\"; ma=2592000; v=\"46,43\"","accept-ranges":"none","transfer-encoding":"chunked"}
[info] 
[info] === Serving from '/Users/seanadamson/Library/Mobile Documents/com~apple~CloudDocs/React Projects /ecommerce-app'...
[info] 
[warn] ⚠  Your requested "node" version "12" doesn't match your global version "15" {"metadata":{"emulator":{"name":"functions"},"message":"Your requested \"node\" version \"12\" doesn't match your global version \"15\""}}
[debug] [2020-12-30T17:12:57.193Z] defaultcredentials: writing to file /Users/seanadamson/.config/firebase/seanjadamson_gmail_com_application_default_credentials.json
[debug] [2020-12-30T17:12:57.195Z] Setting GAC to /Users/seanadamson/.config/firebase/seanjadamson_gmail_com_application_default_credentials.json {"metadata":{"emulator":{"name":"functions"},"message":"Setting GAC to /Users/seanadamson/.config/firebase/seanjadamson_gmail_com_application_default_credentials.json"}}
[info] i  functions: Watching "/Users/seanadamson/Library/Mobile Documents/com~apple~CloudDocs/React Projects /ecommerce-app/functions" for Cloud Functions... {"metadata":{"emulator":{"name":"functions"},"message":"Watching \"/Users/seanadamson/Library/Mobile Documents/com~apple~CloudDocs/React Projects /ecommerce-app/functions\" for Cloud Functions..."}}
[debug] [2020-12-30T17:12:57.260Z] [worker-pool] addWorker(~diagnostic~) {"metadata":{"emulator":{"name":"functions"},"message":"[worker-pool] addWorker(~diagnostic~)"}}
[debug] [2020-12-30T17:12:57.261Z] [worker-pool] Adding worker with key ~diagnostic~, total=1 {"metadata":{"emulator":{"name":"functions"},"message":"[worker-pool] Adding worker with key ~diagnostic~, total=1"}}
[debug] [2020-12-30T17:12:57.261Z] [worker-pool] submitWork(triggerId=) {"metadata":{"emulator":{"name":"functions"},"message":"[worker-pool] submitWork(triggerId=)"}}
[debug] [2020-12-30T17:12:57.261Z] [worker-~diagnostic~-f3f543d9-d477-401c-b809-9b047636a5ec]: Assigning socketPath: /var/folders/4w/nyks513x089_sj2pm1_c9xhm0000gn/T/fire_emu_20328.sock {"metadata":{"emulator":{"name":"functions"},"message":"[worker-~diagnostic~-f3f543d9-d477-401c-b809-9b047636a5ec]: Assigning socketPath: /var/folders/4w/nyks513x089_sj2pm1_c9xhm0000gn/T/fire_emu_20328.sock"}}
[debug] [2020-12-30T17:12:57.261Z] [worker-~diagnostic~-f3f543d9-d477-401c-b809-9b047636a5ec]: BUSY {"metadata":{"emulator":{"name":"functions"},"message":"[worker-~diagnostic~-f3f543d9-d477-401c-b809-9b047636a5ec]: BUSY"}}
[debug] [2020-12-30T17:12:57.517Z] [runtime-status] [20328] Functions runtime initialized. {"cwd":"/Users/seanadamson/Library/Mobile Documents/com~apple~CloudDocs/React Projects /ecommerce-app/functions","node_version":"15.3.0"} {"metadata":{"emulator":{"name":"functions"},"message":"[runtime-status] [20328] Functions runtime initialized. {\"cwd\":\"/Users/seanadamson/Library/Mobile Documents/com~apple~CloudDocs/React Projects /ecommerce-app/functions\",\"node_version\":\"15.3.0\"}"}}
[debug] [2020-12-30T17:12:57.518Z] [runtime-status] [20328] Disabled runtime features: undefined {"metadata":{"emulator":{"name":"functions"},"message":"[runtime-status] [20328] Disabled runtime features: undefined"}}
[debug] [2020-12-30T17:12:57.523Z] [runtime-status] [20328] Resolved module firebase-admin {"declared":true,"installed":true,"version":"9.4.2","resolution":"/Users/seanadamson/Library/Mobile Documents/com~apple~CloudDocs/React Projects /ecommerce-app/functions/node_modules/firebase-admin/lib/index.js"} {"metadata":{"emulator":{"name":"functions"},"message":"[runtime-status] [20328] Resolved module firebase-admin {\"declared\":true,\"installed\":true,\"version\":\"9.4.2\",\"resolution\":\"/Users/seanadamson/Library/Mobile Documents/com~apple~CloudDocs/React Projects /ecommerce-app/functions/node_modules/firebase-admin/lib/index.js\"}"}}
[debug] [2020-12-30T17:12:57.525Z] [runtime-status] [20328] Resolved module firebase-functions {"declared":true,"installed":true,"version":"3.13.0","resolution":"/Users/seanadamson/Library/Mobile Documents/com~apple~CloudDocs/React Projects /ecommerce-app/functions/node_modules/firebase-functions/lib/index.js"} {"metadata":{"emulator":{"name":"functions"},"message":"[runtime-status] [20328] Resolved module firebase-functions {\"declared\":true,\"installed\":true,\"version\":\"3.13.0\",\"resolution\":\"/Users/seanadamson/Library/Mobile Documents/com~apple~CloudDocs/React Projects /ecommerce-app/functions/node_modules/firebase-functions/lib/index.js\"}"}}
[debug] [2020-12-30T17:12:57.527Z] [runtime-status] [20328] Resolved module firebase-functions {"declared":true,"installed":true,"version":"3.13.0","resolution":"/Users/seanadamson/Library/Mobile Documents/com~apple~CloudDocs/React Projects /ecommerce-app/functions/node_modules/firebase-functions/lib/index.js"} {"metadata":{"emulator":{"name":"functions"},"message":"[runtime-status] [20328] Resolved module firebase-functions {\"declared\":true,\"installed\":true,\"version\":\"3.13.0\",\"resolution\":\"/Users/seanadamson/Library/Mobile Documents/com~apple~CloudDocs/React Projects /ecommerce-app/functions/node_modules/firebase-functions/lib/index.js\"}"}}
[debug] [2020-12-30T17:12:57.529Z] [runtime-status] [20328] Outgoing network have been stubbed. [{"name":"http","status":"mocked"},{"name":"http","status":"mocked"},{"name":"https","status":"mocked"},{"name":"https","status":"mocked"},{"name":"net","status":"mocked"}] {"metadata":{"emulator":{"name":"functions"},"message":"[runtime-status] [20328] Outgoing network have been stubbed. [{\"name\":\"http\",\"status\":\"mocked\"},{\"name\":\"http\",\"status\":\"mocked\"},{\"name\":\"https\",\"status\":\"mocked\"},{\"name\":\"https\",\"status\":\"mocked\"},{\"name\":\"net\",\"status\":\"mocked\"}]"}}
[debug] [2020-12-30T17:12:57.530Z] [runtime-status] [20328] Resolved module firebase-functions {"declared":true,"installed":true,"version":"3.13.0","resolution":"/Users/seanadamson/Library/Mobile Documents/com~apple~CloudDocs/React Projects /ecommerce-app/functions/node_modules/firebase-functions/lib/index.js"} {"metadata":{"emulator":{"name":"functions"},"message":"[runtime-status] [20328] Resolved module firebase-functions {\"declared\":true,\"installed\":true,\"version\":\"3.13.0\",\"resolution\":\"/Users/seanadamson/Library/Mobile Documents/com~apple~CloudDocs/React Projects /ecommerce-app/functions/node_modules/firebase-functions/lib/index.js\"}"}}
[debug] [2020-12-30T17:12:57.610Z] [runtime-status] [20328] Checked functions.config() {"config":{}} {"metadata":{"emulator":{"name":"functions"},"message":"[runtime-status] [20328] Checked functions.config() {\"config\":{}}"}}
[debug] [2020-12-30T17:12:57.610Z] [runtime-status] [20328] firebase-functions has been stubbed. {"functionsResolution":{"declared":true,"installed":true,"version":"3.13.0","resolution":"/Users/seanadamson/Library/Mobile Documents/com~apple~CloudDocs/React Projects /ecommerce-app/functions/node_modules/firebase-functions/lib/index.js"}} {"metadata":{"emulator":{"name":"functions"},"message":"[runtime-status] [20328] firebase-functions has been stubbed. {\"functionsResolution\":{\"declared\":true,\"installed\":true,\"version\":\"3.13.0\",\"resolution\":\"/Users/seanadamson/Library/Mobile Documents/com~apple~CloudDocs/React Projects /ecommerce-app/functions/node_modules/firebase-functions/lib/index.js\"}}"}}
[debug] [2020-12-30T17:12:57.610Z] [runtime-status] [20328] Resolved module firebase-functions {"declared":true,"installed":true,"version":"3.13.0","resolution":"/Users/seanadamson/Library/Mobile Documents/com~apple~CloudDocs/React Projects /ecommerce-app/functions/node_modules/firebase-functions/lib/index.js"} {"metadata":{"emulator":{"name":"functions"},"message":"[runtime-status] [20328] Resolved module firebase-functions {\"declared\":true,\"installed\":true,\"version\":\"3.13.0\",\"resolution\":\"/Users/seanadamson/Library/Mobile Documents/com~apple~CloudDocs/React Projects /ecommerce-app/functions/node_modules/firebase-functions/lib/index.js\"}"}}
[debug] [2020-12-30T17:12:57.610Z] [runtime-status] [20328] Resolved module firebase-admin {"declared":true,"installed":true,"version":"9.4.2","resolution":"/Users/seanadamson/Library/Mobile Documents/com~apple~CloudDocs/React Projects /ecommerce-app/functions/node_modules/firebase-admin/lib/index.js"} {"metadata":{"emulator":{"name":"functions"},"message":"[runtime-status] [20328] Resolved module firebase-admin {\"declared\":true,\"installed\":true,\"version\":\"9.4.2\",\"resolution\":\"/Users/seanadamson/Library/Mobile Documents/com~apple~CloudDocs/React Projects /ecommerce-app/functions/node_modules/firebase-admin/lib/index.js\"}"}}
[debug] [2020-12-30T17:12:57.611Z] [runtime-status] [20328] Resolved module firebase-functions {"declared":true,"installed":true,"version":"3.13.0","resolution":"/Users/seanadamson/Library/Mobile Documents/com~apple~CloudDocs/React Projects /ecommerce-app/functions/node_modules/firebase-functions/lib/index.js"} {"metadata":{"emulator":{"name":"functions"},"message":"[runtime-status] [20328] Resolved module firebase-functions {\"declared\":true,\"installed\":true,\"version\":\"3.13.0\",\"resolution\":\"/Users/seanadamson/Library/Mobile Documents/com~apple~CloudDocs/React Projects /ecommerce-app/functions/node_modules/firebase-functions/lib/index.js\"}"}}
[debug] [2020-12-30T17:12:57.611Z] [runtime-status] [20328] firebase-admin has been stubbed. {"adminResolution":{"declared":true,"installed":true,"version":"9.4.2","resolution":"/Users/seanadamson/Library/Mobile Documents/com~apple~CloudDocs/React Projects /ecommerce-app/functions/node_modules/firebase-admin/lib/index.js"}} {"metadata":{"emulator":{"name":"functions"},"message":"[runtime-status] [20328] firebase-admin has been stubbed. {\"adminResolution\":{\"declared\":true,\"installed\":true,\"version\":\"9.4.2\",\"resolution\":\"/Users/seanadamson/Library/Mobile Documents/com~apple~CloudDocs/React Projects /ecommerce-app/functions/node_modules/firebase-admin/lib/index.js\"}}"}}
[debug] [2020-12-30T17:12:57.756Z] [runtime-status] [20328] initializeApp(DEFAULT) {"databaseURL":"https://e-commerce-app-9b649.firebaseio.com","storageBucket":"e-commerce-app-9b649.appspot.com","projectId":"e-commerce-app-9b649"} {"metadata":{"emulator":{"name":"functions"},"message":"[runtime-status] [20328] initializeApp(DEFAULT) {\"databaseURL\":\"https://e-commerce-app-9b649.firebaseio.com\",\"storageBucket\":\"e-commerce-app-9b649.appspot.com\",\"projectId\":\"e-commerce-app-9b649\"}"}}
[warn] ⚠  functions: The Cloud Firestore emulator is not running, so calls to Firestore will affect production. {"metadata":{"emulator":{"name":"functions"},"message":"The Cloud Firestore emulator is not running, so calls to Firestore will affect production."}}
[warn] ⚠  FirebaseError: Firebase: Firebase App named '[DEFAULT]' already exists (app/duplicate-app).
    at Object.initializeApp (/Users/seanadamson/Library/Mobile Documents/com~apple~CloudDocs/React Projects /ecommerce-app/functions/node_modules/@firebase/app/dist/index.node.cjs.js:383:33)
    at Object.<anonymous> (/Users/seanadamson/Library/Mobile Documents/com~apple~CloudDocs/React Projects /ecommerce-app/functions/handlers/products.js:4:10)
    at Module._compile (node:internal/modules/cjs/loader:1102:14)
    at Object.Module._extensions..js (node:internal/modules/cjs/loader:1131:10)
    at Module.load (node:internal/modules/cjs/loader:967:32)
    at Function.Module._load (node:internal/modules/cjs/loader:807:14)
    at Module.require (node:internal/modules/cjs/loader:991:19)
    at require (node:internal/modules/cjs/helpers:92:18)
    at Object.<anonymous> (/Users/seanadamson/Library/Mobile Documents/com~apple~CloudDocs/React Projects /ecommerce-app/functions/index.js:22:26)
    at Module._compile (node:internal/modules/cjs/loader:1102:14) {"metadata":{"emulator":{"name":"functions"},"message":"FirebaseError: Firebase: Firebase App named '[DEFAULT]' already exists (app/duplicate-app).\n    at Object.initializeApp (/Users/seanadamson/Library/Mobile Documents/com~apple~CloudDocs/React Projects /ecommerce-app/functions/node_modules/@firebase/app/dist/index.node.cjs.js:383:33)\n    at Object.<anonymous> (/Users/seanadamson/Library/Mobile Documents/com~apple~CloudDocs/React Projects /ecommerce-app/functions/handlers/products.js:4:10)\n    at Module._compile (node:internal/modules/cjs/loader:1102:14)\n    at Object.Module._extensions..js (node:internal/modules/cjs/loader:1131:10)\n    at Module.load (node:internal/modules/cjs/loader:967:32)\n    at Function.Module._load (node:internal/modules/cjs/loader:807:14)\n    at Module.require (node:internal/modules/cjs/loader:991:19)\n    at require (node:internal/modules/cjs/helpers:92:18)\n    at Object.<anonymous> (/Users/seanadamson/Library/Mobile Documents/com~apple~CloudDocs/React Projects /ecommerce-app/functions/index.js:22:26)\n    at Module._compile (node:internal/modules/cjs/loader:1102:14)"}}
[warn] ⚠  We were unable to load your functions code. (see above) {"metadata":{"emulator":{"name":"functions"}}}
[debug] [2020-12-30T17:12:58.355Z] [worker-~diagnostic~-f3f543d9-d477-401c-b809-9b047636a5ec]: exited {"metadata":{"emulator":{"name":"functions"},"message":"[worker-~diagnostic~-f3f543d9-d477-401c-b809-9b047636a5ec]: exited"}}
[debug] [2020-12-30T17:12:58.355Z] [worker-~diagnostic~-f3f543d9-d477-401c-b809-9b047636a5ec]: FINISHED {"metadata":{"emulator":{"name":"functions"},"message":"[worker-~diagnostic~-f3f543d9-d477-401c-b809-9b047636a5ec]: FINISHED"}}
